[INFO ] 2020-06-21 23:46:45.457 [main] EbuvetteApplication - An INFO Message
[WARN ] 2020-06-21 23:46:45.464 [main] EbuvetteApplication - A WARN Message
[ERROR] 2020-06-21 23:46:45.465 [main] EbuvetteApplication - An ERROR Message
[INFO ] 2020-06-21 23:46:46.283 [main] EbuvetteApplication - Starting EbuvetteApplication on GHAZLANE with PID 19380 (C:\Users\asus\Desktop\Projet JEE\WorkspaceProjet\E_Buvette\src\main\webapp\WEB-INF\classes started by asus in C:\Users\asus\Desktop\Projet JEE\WorkspaceProjet\E_Buvette)
[INFO ] 2020-06-21 23:46:46.289 [main] EbuvetteApplication - No active profile set, falling back to default profiles: default
[INFO ] 2020-06-21 23:46:47.495 [main] RepositoryConfigurationDelegate - Bootstrapping Spring Data JPA repositories in DEFERRED mode.
[INFO ] 2020-06-21 23:46:47.648 [main] RepositoryConfigurationDelegate - Finished Spring Data repository scanning in 138ms. Found 8 JPA repository interfaces.
[INFO ] 2020-06-21 23:46:49.163 [main] TomcatWebServer - Tomcat initialized with port(s): 8080 (http)
[INFO ] 2020-06-21 23:46:49.177 [main] Http11NioProtocol - Initializing ProtocolHandler ["http-nio-8080"]
[INFO ] 2020-06-21 23:46:49.178 [main] StandardService - Starting service [Tomcat]
[INFO ] 2020-06-21 23:46:49.179 [main] StandardEngine - Starting Servlet engine: [Apache Tomcat/9.0.36]
[INFO ] 2020-06-21 23:46:49.732 [main] TldScanner - At least one JAR was scanned for TLDs yet contained no TLDs. Enable debug logging for this logger for a complete list of JARs that were scanned but no TLDs were found in them. Skipping unneeded JARs during scanning can improve startup time and JSP compilation time.
[INFO ] 2020-06-21 23:46:49.774 [main] [/] - Initializing Spring embedded WebApplicationContext
[INFO ] 2020-06-21 23:46:49.775 [main] ServletWebServerApplicationContext - Root WebApplicationContext: initialization completed in 3426 ms
[INFO ] 2020-06-21 23:46:49.977 [main] DefaultFacesConfigurationProvider - Reading standard config META-INF/standard-faces-config.xml
[INFO ] 2020-06-21 23:46:50.200 [main] DefaultFacesConfigurationProvider - Reading config /WEB-INF/faces-config.xml
[INFO ] 2020-06-21 23:46:50.796 [main] DefaultFacesConfigurationProvider - Reading config : jar:file:/C:/Users/asus/.m2/repository/org/primefaces/primefaces/7.0/primefaces-7.0.jar!/META-INF/faces-config.xml
[INFO ] 2020-06-21 23:46:50.813 [main] DefaultFacesConfigurationProvider - Reading config : jar:file:/C:/Users/asus/.m2/repository/org/ocpsoft/rewrite/rewrite-integration-faces/3.4.1.Final/rewrite-integration-faces-3.4.1.Final.jar!/META-INF/faces-config.xml
[INFO ] 2020-06-21 23:46:50.815 [main] DefaultFacesConfigurationProvider - Reading config : jar:file:/C:/Users/asus/.m2/repository/org/ocpsoft/rewrite/rewrite-config-prettyfaces/3.4.1.Final/rewrite-config-prettyfaces-3.4.1.Final.jar!/META-INF/faces-config.xml
[INFO ] 2020-06-21 23:46:50.999 [main] LogMetaInfUtils - Artifact 'myfaces-api' was found in version '2.2.12' from path 'file:/C:/Users/asus/.m2/repository/org/apache/myfaces/core/myfaces-api/2.2.12/myfaces-api-2.2.12.jar'
[INFO ] 2020-06-21 23:46:50.999 [main] LogMetaInfUtils - Artifact 'myfaces-impl' was found in version '2.2.12' from path 'file:/C:/Users/asus/.m2/repository/org/apache/myfaces/core/myfaces-impl/2.2.12/myfaces-impl-2.2.12.jar'
[INFO ] 2020-06-21 23:46:51.012 [main] ExternalSpecifications - MyFaces CDI support disabled
[INFO ] 2020-06-21 23:46:51.014 [main] DefaultInjectionProviderFactory - Using InjectionProvider org.apache.myfaces.spi.impl.Tomcat7AnnotationInjectionProvider
[INFO ] 2020-06-21 23:46:51.140 [main] ExternalSpecifications - MyFaces Bean Validation support disabled
[INFO ] 2020-06-21 23:46:51.604 [main] logger - RewritePhaseListener starting up.
[INFO ] 2020-06-21 23:46:51.606 [main] ApplicationImpl - Couldn't discover the current project stage, using Production
[INFO ] 2020-06-21 23:46:51.607 [main] FacesConfigurator - Serialization provider : class org.apache.myfaces.shared_impl.util.serial.DefaultSerialFactory
[INFO ] 2020-06-21 23:46:51.613 [main] DefaultLifecycleProviderFactory - Using LifecycleProvider org.apache.myfaces.config.annotation.Tomcat7AnnotationLifecycleProvider
[INFO ] 2020-06-21 23:46:51.664 [main] PostConstructApplicationEventListener - Running on PrimeFaces 7.0
[INFO ] 2020-06-21 23:46:51.665 [main] AbstractFacesInitializer - ServletContext initialized.
[INFO ] 2020-06-21 23:46:51.669 [main] WebConfigParamsLogger - Tomahawk jar not available. Autoscrolling, DetectJavascript, AddResourceClass and CheckExtensionsFilter are disabled now.
[INFO ] 2020-06-21 23:46:51.669 [main] WebConfigParamsLogger - Scanning for context init parameters not defined. It is not necessary to define them all into your web.xml, they are just provided here for informative purposes. To disable this messages set org.apache.myfaces.LOG_WEB_CONTEXT_PARAMS config param to 'false'
[INFO ] 2020-06-21 23:46:51.670 [main] WebConfigParamsLogger - No context init parameter 'javax.faces.RESOURCE_EXCLUDES' found, using default value '.class .jsp .jspx .properties .xhtml .groovy'.
[INFO ] 2020-06-21 23:46:51.670 [main] WebConfigParamsLogger - No context init parameter 'javax.faces.STATE_SAVING_METHOD' found, using default value 'server'.
[INFO ] 2020-06-21 23:46:51.670 [main] WebConfigParamsLogger - No context init parameter 'javax.faces.FULL_STATE_SAVING_VIEW_IDS' found.
[INFO ] 2020-06-21 23:46:51.670 [main] WebConfigParamsLogger - No context init parameter 'javax.faces.PARTIAL_STATE_SAVING' found, using default value 'true (false with 1.2 webapps)'.
[INFO ] 2020-06-21 23:46:51.670 [main] WebConfigParamsLogger - No context init parameter 'javax.faces.SERIALIZE_SERVER_STATE' found, using default value 'false'.
[INFO ] 2020-06-21 23:46:51.671 [main] WebConfigParamsLogger - No context init parameter 'javax.faces.DEFAULT_SUFFIX' found, using default value '.xhtml .view.xml .jsp'.
[INFO ] 2020-06-21 23:46:51.671 [main] WebConfigParamsLogger - No context init parameter 'javax.faces.FACELETS_SUFFIX' found, using default value '.xhtml'.
[INFO ] 2020-06-21 23:46:51.671 [main] WebConfigParamsLogger - No context init parameter 'javax.faces.FACELETS_VIEW_MAPPINGS' found.
[INFO ] 2020-06-21 23:46:51.671 [main] WebConfigParamsLogger - No context init parameter 'DISABLE_FACELET_JSF_VIEWHANDLER' found.
[INFO ] 2020-06-21 23:46:51.671 [main] WebConfigParamsLogger - No context init parameter 'javax.faces.FACELETS_BUFFER_SIZE' found, using default value '1024'.
[INFO ] 2020-06-21 23:46:51.672 [main] WebConfigParamsLogger - No context init parameter 'javax.faces.FACELETS_DECORATORS' found.
[INFO ] 2020-06-21 23:46:51.672 [main] WebConfigParamsLogger - No context init parameter 'javax.faces.FACELETS_LIBRARIES' found.
[INFO ] 2020-06-21 23:46:51.672 [main] WebConfigParamsLogger - No context init parameter 'javax.faces.FACELETS_REFRESH_PERIOD' found, using default value '-1'.
[INFO ] 2020-06-21 23:46:51.672 [main] WebConfigParamsLogger - No context init parameter 'javax.faces.FACELETS_SKIP_COMMENTS' found.
[INFO ] 2020-06-21 23:46:51.673 [main] WebConfigParamsLogger - No context init parameter 'javax.faces.HONOR_CURRENT_COMPONENT_ATTRIBUTES' found, using default value 'false'.
[INFO ] 2020-06-21 23:46:51.673 [main] WebConfigParamsLogger - No context init parameter 'javax.faces.VALIDATE_EMPTY_FIELDS' found, using default value 'auto'.
[INFO ] 2020-06-21 23:46:51.673 [main] WebConfigParamsLogger - No context init parameter 'javax.faces.INTERPRET_EMPTY_STRING_SUBMITTED_VALUES_AS_NULL' found, using default value 'false'.
[INFO ] 2020-06-21 23:46:51.673 [main] WebConfigParamsLogger - No context init parameter 'javax.faces.DATETIMECONVERTER_DEFAULT_TIMEZONE_IS_SYSTEM_TIMEZONE' found, using default value 'false'.
[INFO ] 2020-06-21 23:46:51.673 [main] WebConfigParamsLogger - No context init parameter 'org.apache.myfaces.ENUM_CONVERTER_ALLOW_STRING_PASSTROUGH' found, using default value 'false'.
[INFO ] 2020-06-21 23:46:51.674 [main] WebConfigParamsLogger - No context init parameter 'javax.faces.validator.DISABLE_DEFAULT_BEAN_VALIDATOR' found, using default value 'true'.
[INFO ] 2020-06-21 23:46:51.674 [main] WebConfigParamsLogger - No context init parameter 'javax.faces.CONFIG_FILES' found.
[INFO ] 2020-06-21 23:46:51.674 [main] WebConfigParamsLogger - No context init parameter 'javax.faces.LIFECYCLE_ID' found.
[INFO ] 2020-06-21 23:46:51.675 [main] WebConfigParamsLogger - No context init parameter 'org.apache.myfaces.ERROR_HANDLER' found.
[INFO ] 2020-06-21 23:46:51.675 [main] WebConfigParamsLogger - No context init parameter 'org.apache.myfaces.CHECKED_VIEWID_CACHE_SIZE' found, using default value '500'.
[INFO ] 2020-06-21 23:46:51.675 [main] WebConfigParamsLogger - No context init parameter 'org.apache.myfaces.CHECKED_VIEWID_CACHE_ENABLED' found, using default value 'true'.
[INFO ] 2020-06-21 23:46:51.675 [main] WebConfigParamsLogger - No context init parameter 'org.apache.myfaces.PRETTY_HTML' found, using default value 'true'.
[INFO ] 2020-06-21 23:46:51.675 [main] WebConfigParamsLogger - No context init parameter 'org.apache.myfaces.ALLOW_JAVASCRIPT' found, using default value 'true'.
[INFO ] 2020-06-21 23:46:51.676 [main] WebConfigParamsLogger - No context init parameter 'org.apache.myfaces.CONFIG_REFRESH_PERIOD' found, using default value '2'.
[INFO ] 2020-06-21 23:46:51.676 [main] WebConfigParamsLogger - No context init parameter 'org.apache.myfaces.VIEWSTATE_JAVASCRIPT' found, using default value 'false'.
[INFO ] 2020-06-21 23:46:51.676 [main] WebConfigParamsLogger - No context init parameter 'org.apache.myfaces.RENDER_VIEWSTATE_ID' found, using default value 'true'.
[INFO ] 2020-06-21 23:46:51.676 [main] WebConfigParamsLogger - No context init parameter 'org.apache.myfaces.STRICT_XHTML_LINKS' found, using default value 'true'.
[INFO ] 2020-06-21 23:46:51.676 [main] WebConfigParamsLogger - No context init parameter 'org.apache.myfaces.RENDER_CLEAR_JAVASCRIPT_FOR_BUTTON' found, using default value 'false'.
[INFO ] 2020-06-21 23:46:51.677 [main] WebConfigParamsLogger - No context init parameter 'org.apache.myfaces.RENDER_HIDDEN_FIELDS_FOR_LINK_PARAMS' found, using default value 'false'.
[INFO ] 2020-06-21 23:46:51.677 [main] WebConfigParamsLogger - No context init parameter 'org.apache.myfaces.SAVE_FORM_SUBMIT_LINK_IE' found, using default value 'false'.
[INFO ] 2020-06-21 23:46:51.677 [main] WebConfigParamsLogger - No context init parameter 'org.apache.myfaces.DELEGATE_FACES_SERVLET' found.
[INFO ] 2020-06-21 23:46:51.677 [main] WebConfigParamsLogger - No context init parameter 'org.apache.myfaces.REFRESH_TRANSIENT_BUILD_ON_PSS' found, using default value 'auto'.
[INFO ] 2020-06-21 23:46:51.678 [main] WebConfigParamsLogger - No context init parameter 'org.apache.myfaces.REFRESH_TRANSIENT_BUILD_ON_PSS_PRESERVE_STATE' found, using default value 'false'.
[INFO ] 2020-06-21 23:46:51.678 [main] WebConfigParamsLogger - No context init parameter 'org.apache.myfaces.VALIDATE_XML' found.
[INFO ] 2020-06-21 23:46:51.678 [main] WebConfigParamsLogger - No context init parameter 'org.apache.myfaces.WRAP_SCRIPT_CONTENT_WITH_XML_COMMENT_TAG' found, using default value 'false'.
[INFO ] 2020-06-21 23:46:51.678 [main] WebConfigParamsLogger - No context init parameter 'org.apache.myfaces.RENDER_FORM_SUBMIT_SCRIPT_INLINE' found, using default value 'false'.
[INFO ] 2020-06-21 23:46:51.678 [main] WebConfigParamsLogger - No context init parameter 'org.apache.myfaces.DEBUG_PHASE_LISTENER' found.
[INFO ] 2020-06-21 23:46:51.678 [main] WebConfigParamsLogger - No context init parameter 'org.apache.myfaces.STRICT_JSF_2_REFRESH_TARGET_AJAX' found, using default value 'false'.
[INFO ] 2020-06-21 23:46:51.679 [main] WebConfigParamsLogger - No context init parameter 'org.apache.myfaces.STRICT_JSF_2_CC_EL_RESOLVER' found, using default value 'false'.
[INFO ] 2020-06-21 23:46:51.679 [main] WebConfigParamsLogger - No context init parameter 'org.apache.myfaces.DEFAULT_RESPONSE_WRITER_CONTENT_TYPE_MODE' found, using default value 'text/html'.
[INFO ] 2020-06-21 23:46:51.679 [main] WebConfigParamsLogger - No context init parameter 'org.apache.myfaces.VIEW_UNIQUE_IDS_CACHE_ENABLED' found, using default value 'true'.
[INFO ] 2020-06-21 23:46:51.679 [main] WebConfigParamsLogger - No context init parameter 'org.apache.myfaces.COMPONENT_UNIQUE_IDS_CACHE_SIZE' found, using default value '100'.
[INFO ] 2020-06-21 23:46:51.679 [main] WebConfigParamsLogger - No context init parameter 'org.apache.myfaces.SUPPORT_JSP_AND_FACES_EL' found, using default value 'true'.
[INFO ] 2020-06-21 23:46:51.680 [main] WebConfigParamsLogger - No context init parameter 'org.apache.myfaces.GAE_JSF_JAR_FILES' found.
[INFO ] 2020-06-21 23:46:51.680 [main] WebConfigParamsLogger - No context init parameter 'org.apache.myfaces.GAE_JSF_ANNOTATIONS_JAR_FILES' found.
[INFO ] 2020-06-21 23:46:51.680 [main] WebConfigParamsLogger - No context init parameter 'org.apache.myfaces.STRICT_JSF_2_VIEW_NOT_FOUND' found, using default value 'false'.
[INFO ] 2020-06-21 23:46:51.680 [main] WebConfigParamsLogger - No context init parameter 'org.apache.myfaces.EARLY_FLUSH_ENABLED' found, using default value 'false'.
[INFO ] 2020-06-21 23:46:51.680 [main] WebConfigParamsLogger - No context init parameter 'org.apache.myfaces.CDI_MANAGED_CONVERTERS_ENABLED' found, using default value 'false'.
[INFO ] 2020-06-21 23:46:51.680 [main] WebConfigParamsLogger - No context init parameter 'org.apache.myfaces.CDI_MANAGED_VALIDATORS_ENABLED' found, using default value 'false'.
[INFO ] 2020-06-21 23:46:51.681 [main] WebConfigParamsLogger - No context init parameter 'org.apache.myfaces.STRICT_JSF_2_FACELETS_COMPATIBILITY' found, using default value 'false'.
[INFO ] 2020-06-21 23:46:51.681 [main] WebConfigParamsLogger - No context init parameter 'org.apache.myfaces.RENDER_FORM_VIEW_STATE_AT_BEGIN' found, using default value 'false'.
[INFO ] 2020-06-21 23:46:51.681 [main] WebConfigParamsLogger - No context init parameter 'org.apache.myfaces.FLASH_SCOPE_DISABLED' found, using default value 'false'.
[INFO ] 2020-06-21 23:46:51.681 [main] WebConfigParamsLogger - No context init parameter 'org.apache.myfaces.NUMBER_OF_VIEWS_IN_SESSION' found, using default value '20'.
[INFO ] 2020-06-21 23:46:51.682 [main] WebConfigParamsLogger - No context init parameter 'org.apache.myfaces.NUMBER_OF_SEQUENTIAL_VIEWS_IN_SESSION' found, using default value '4'.
[INFO ] 2020-06-21 23:46:51.682 [main] WebConfigParamsLogger - No context init parameter 'org.apache.myfaces.NUMBER_OF_FLASH_TOKENS_IN_SESSION' found.
[INFO ] 2020-06-21 23:46:51.682 [main] WebConfigParamsLogger - No context init parameter 'org.apache.myfaces.FACES_FLOW_CLIENT_WINDOW_IDS_IN_SESSION' found.
[INFO ] 2020-06-21 23:46:51.682 [main] WebConfigParamsLogger - No context init parameter 'org.apache.myfaces.SUPPORT_EL_3_IMPORT_HANDLER' found, using default value 'false'.
[INFO ] 2020-06-21 23:46:51.682 [main] WebConfigParamsLogger - No context init parameter 'org.apache.myfaces.RESOURCE_MAX_TIME_EXPIRES' found, using default value '604800000'.
[INFO ] 2020-06-21 23:46:51.682 [main] WebConfigParamsLogger - No context init parameter 'org.apache.myfaces.RESOURCE_HANDLER_CACHE_SIZE' found, using default value '500'.
[INFO ] 2020-06-21 23:46:51.682 [main] WebConfigParamsLogger - No context init parameter 'org.apache.myfaces.RESOURCE_HANDLER_CACHE_ENABLED' found, using default value 'true'.
[INFO ] 2020-06-21 23:46:51.683 [main] WebConfigParamsLogger - No context init parameter 'org.apache.myfaces.USE_ENCRYPTION' found, using default value 'true'.
[INFO ] 2020-06-21 23:46:51.683 [main] WebConfigParamsLogger - No context init parameter 'org.apache.myfaces.SECRET' found.
[INFO ] 2020-06-21 23:46:51.683 [main] WebConfigParamsLogger - No context init parameter 'org.apache.myfaces.ALGORITHM' found, using default value 'DES'.
[INFO ] 2020-06-21 23:46:51.683 [main] WebConfigParamsLogger - No context init parameter 'org.apache.myfaces.SECRET.CACHE' found.
[INFO ] 2020-06-21 23:46:51.684 [main] WebConfigParamsLogger - No context init parameter 'org.apache.myfaces.ALGORITHM.IV' found.
[INFO ] 2020-06-21 23:46:51.684 [main] WebConfigParamsLogger - No context init parameter 'org.apache.myfaces.ALGORITHM.PARAMETERS' found, using default value 'ECB/PKCS5Padding'.
[INFO ] 2020-06-21 23:46:51.684 [main] WebConfigParamsLogger - No context init parameter 'org.apache.myfaces.SERIAL_FACTORY' found.
[INFO ] 2020-06-21 23:46:51.685 [main] WebConfigParamsLogger - No context init parameter 'org.apache.myfaces.COMPRESS_STATE_IN_CLIENT' found, using default value 'false'.
[INFO ] 2020-06-21 23:46:51.685 [main] WebConfigParamsLogger - No context init parameter 'org.apache.myfaces.MAC_ALGORITHM' found, using default value 'HmacSHA1'.
[INFO ] 2020-06-21 23:46:51.685 [main] WebConfigParamsLogger - No context init parameter 'org.apache.myfaces.MAC_SECRET' found.
[INFO ] 2020-06-21 23:46:51.685 [main] WebConfigParamsLogger - No context init parameter 'org.apache.myfaces.MAC_SECRET.CACHE' found.
[INFO ] 2020-06-21 23:46:51.686 [main] WebConfigParamsLogger - No context init parameter 'javax.faces.PROJECT_STAGE' found, using default value 'Production'.
[INFO ] 2020-06-21 23:46:51.686 [main] WebConfigParamsLogger - No context init parameter 'org.apache.myfaces.LAZY_LOAD_CONFIG_OBJECTS' found, using default value 'true'.
[INFO ] 2020-06-21 23:46:51.686 [main] WebConfigParamsLogger - No context init parameter 'org.apache.myfaces.STRICT_JSF_2_ALLOW_SLASH_LIBRARY_NAME' found, using default value 'false'.
[INFO ] 2020-06-21 23:46:51.686 [main] WebConfigParamsLogger - No context init parameter 'org.apache.myfaces.RESOURCE_BUFFER_SIZE' found, using default value '2048'.
[INFO ] 2020-06-21 23:46:51.686 [main] WebConfigParamsLogger - No context init parameter 'org.apache.myfaces.RANDOM_KEY_IN_CSRF_SESSION_TOKEN' found, using default value 'none'.
[INFO ] 2020-06-21 23:46:51.687 [main] WebConfigParamsLogger - No context init parameter 'org.apache.myfaces.RANDOM_KEY_IN_CSRF_SESSION_TOKEN_LENGTH' found, using default value '16'.
[INFO ] 2020-06-21 23:46:51.687 [main] WebConfigParamsLogger - No context init parameter 'org.apache.myfaces.RANDOM_KEY_IN_CSRF_SESSION_TOKEN_SECURE_RANDOM_CLASS' found.
[INFO ] 2020-06-21 23:46:51.687 [main] WebConfigParamsLogger - No context init parameter 'org.apache.myfaces.RANDOM_KEY_IN_CSRF_SESSION_TOKEN_SECURE_RANDOM_PROVIDER' found.
[INFO ] 2020-06-21 23:46:51.687 [main] WebConfigParamsLogger - No context init parameter 'org.apache.myfaces.RANDOM_KEY_IN_CSRF_SESSION_TOKEN_SECURE_RANDOM_ALGORITM' found, using default value 'SHA1PRNG'.
[INFO ] 2020-06-21 23:46:51.688 [main] WebConfigParamsLogger - No context init parameter 'org.apache.myfaces.CLIENT_VIEW_STATE_TIMEOUT' found, using default value '0'.
[INFO ] 2020-06-21 23:46:51.688 [main] WebConfigParamsLogger - No context init parameter 'org.apache.myfaces.SERIALIZE_STATE_IN_SESSION' found, using default value 'false'.
[INFO ] 2020-06-21 23:46:51.688 [main] WebConfigParamsLogger - No context init parameter 'org.apache.myfaces.COMPRESS_STATE_IN_SESSION' found, using default value 'true'.
[INFO ] 2020-06-21 23:46:51.688 [main] WebConfigParamsLogger - No context init parameter 'org.apache.myfaces.CACHE_OLD_VIEWS_IN_SESSION_MODE' found, using default value 'off'.
[INFO ] 2020-06-21 23:46:51.689 [main] WebConfigParamsLogger - No context init parameter 'org.apache.myfaces.USE_FLASH_SCOPE_PURGE_VIEWS_IN_SESSION' found, using default value 'false'.
[INFO ] 2020-06-21 23:46:51.689 [main] WebConfigParamsLogger - No context init parameter 'org.apache.myfaces.RANDOM_KEY_IN_VIEW_STATE_SESSION_TOKEN' found, using default value 'none'.
[INFO ] 2020-06-21 23:46:51.689 [main] WebConfigParamsLogger - No context init parameter 'org.apache.myfaces.RANDOM_KEY_IN_VIEW_STATE_SESSION_TOKEN_LENGTH' found, using default value '8'.
[INFO ] 2020-06-21 23:46:51.689 [main] WebConfigParamsLogger - No context init parameter 'org.apache.myfaces.RANDOM_KEY_IN_VIEW_STATE_SESSION_TOKEN_SECURE_RANDOM_CLASS' found.
[INFO ] 2020-06-21 23:46:51.690 [main] WebConfigParamsLogger - No context init parameter 'org.apache.myfaces.RANDOM_KEY_IN_VIEW_STATE_SESSION_TOKEN_SECURE_RANDOM_PROVIDER' found.
[INFO ] 2020-06-21 23:46:51.690 [main] WebConfigParamsLogger - No context init parameter 'org.apache.myfaces.RANDOM_KEY_IN_VIEW_STATE_SESSION_TOKEN_SECURE_RANDOM_ALGORITM' found, using default value 'SHA1PRNG'.
[INFO ] 2020-06-21 23:46:51.690 [main] WebConfigParamsLogger - No context init parameter 'facelets.LIBRARIES' found.
[INFO ] 2020-06-21 23:46:51.690 [main] WebConfigParamsLogger - No context init parameter 'org.apache.myfaces.VALIDATE' found, using default value 'false'.
[INFO ] 2020-06-21 23:46:51.691 [main] WebConfigParamsLogger - No context init parameter 'org.apache.myfaces.annotation.USE_CDI_FOR_ANNOTATION_SCANNING' found.
[INFO ] 2020-06-21 23:46:51.691 [main] WebConfigParamsLogger - No context init parameter 'org.apache.myfaces.annotation.SCAN_PACKAGES' found.
[INFO ] 2020-06-21 23:46:51.691 [main] WebConfigParamsLogger - No context init parameter 'org.apache.myfaces.config.annotation.LifecycleProvider' found.
[INFO ] 2020-06-21 23:46:51.691 [main] WebConfigParamsLogger - No context init parameter 'org.apache.myfaces.INITIALIZE_SKIP_JAR_FACES_CONFIG_SCAN' found, using default value 'false'.
[INFO ] 2020-06-21 23:46:51.692 [main] WebConfigParamsLogger - No context init parameter 'org.apache.myfaces.EL_RESOLVER_COMPARATOR' found.
[INFO ] 2020-06-21 23:46:51.692 [main] WebConfigParamsLogger - No context init parameter 'org.apache.myfaces.EL_RESOLVER_PREDICATE' found.
[INFO ] 2020-06-21 23:46:51.692 [main] WebConfigParamsLogger - No context init parameter 'org.apache.myfaces.DEFAULT_WINDOW_MODE' found, using default value 'url'.
[INFO ] 2020-06-21 23:46:51.692 [main] WebConfigParamsLogger - No context init parameter 'org.apache.myfaces.CHECKED_VIEWID_CACHE_SIZE' found, using default value '500'.
[INFO ] 2020-06-21 23:46:51.693 [main] WebConfigParamsLogger - No context init parameter 'org.apache.myfaces.CHECKED_VIEWID_CACHE_ENABLED' found, using default value 'true'.
[INFO ] 2020-06-21 23:46:51.693 [main] WebConfigParamsLogger - No context init parameter 'org.apache.myfaces.ERROR_TEMPLATE_RESOURCE' found, using default value 'META-INF/rsc/myfaces-dev-error.xml'.
[INFO ] 2020-06-21 23:46:51.693 [main] WebConfigParamsLogger - No context init parameter 'org.apache.myfaces.DEBUG_TEMPLATE_RESOURCE' found, using default value 'META-INF/rsc/myfaces-dev-debug.xml'.
[INFO ] 2020-06-21 23:46:51.693 [main] WebConfigParamsLogger - No context init parameter 'org.apache.myfaces.ERROR_HANDLING' found, using default value 'false, on Development Project stage: true'.
[INFO ] 2020-06-21 23:46:51.693 [main] WebConfigParamsLogger - No context init parameter 'org.apache.myfaces.HANDLE_STATE_CACHING_MECHANICS' found, using default value 'true'.
[INFO ] 2020-06-21 23:46:51.694 [main] WebConfigParamsLogger - No context init parameter 'org.apache.myfaces.AUTOCOMPLETE_OFF_VIEW_STATE' found, using default value 'true'.
[INFO ] 2020-06-21 23:46:51.694 [main] WebConfigParamsLogger - No context init parameter 'org.apache.myfaces.USE_MULTIPLE_JS_FILES_FOR_JSF_UNCOMPRESSED_JS' found, using default value 'false'.
[INFO ] 2020-06-21 23:46:51.695 [main] WebConfigParamsLogger - No context init parameter 'org.apache.myfaces.JSF_JS_MODE' found, using default value 'normal'.
[INFO ] 2020-06-21 23:46:51.695 [main] WebConfigParamsLogger - No context init parameter 'org.apache.myfaces.TEMPORAL_RESOURCEHANDLER_CACHE_ENABLED' found, using default value 'false'.
[INFO ] 2020-06-21 23:46:51.695 [main] WebConfigParamsLogger - No context init parameter 'org.apache.myfaces.SERVICE_PROVIDER_FINDER' found.
[INFO ] 2020-06-21 23:46:51.695 [main] WebConfigParamsLogger - No context init parameter 'org.apache.myfaces.spi.InjectionProvider' found.
[INFO ] 2020-06-21 23:46:51.695 [main] WebConfigParamsLogger - No context init parameter 'javax.faces.DISABLE_FACELET_JSF_VIEWHANDLER' found, using default value 'false'.
[INFO ] 2020-06-21 23:46:51.696 [main] WebConfigParamsLogger - No context init parameter 'org.apache.myfaces.SAVE_STATE_WITH_VISIT_TREE_ON_PSS' found, using default value 'true'.
[INFO ] 2020-06-21 23:46:51.696 [main] WebConfigParamsLogger - No context init parameter 'org.apache.myfaces.CHECK_ID_PRODUCTION_MODE' found, using default value 'auto'.
[INFO ] 2020-06-21 23:46:51.696 [main] WebConfigParamsLogger - No context init parameter 'facelets.BUFFER_SIZE' found.
[INFO ] 2020-06-21 23:46:51.697 [main] WebConfigParamsLogger - No context init parameter 'facelets.REFRESH_PERIOD' found, using default value '-1'.
[INFO ] 2020-06-21 23:46:51.697 [main] WebConfigParamsLogger - No context init parameter 'javax.faces.FACELETS_RESOURCE_RESOLVER' found.
[INFO ] 2020-06-21 23:46:51.697 [main] WebConfigParamsLogger - No context init parameter 'facelets.RESOURCE_RESOLVER' found.
[INFO ] 2020-06-21 23:46:51.697 [main] WebConfigParamsLogger - No context init parameter 'org.apache.myfaces.MARK_INITIAL_STATE_WHEN_APPLY_BUILD_VIEW' found, using default value 'false'.
[INFO ] 2020-06-21 23:46:51.697 [main] WebConfigParamsLogger - No context init parameter 'facelets.DECORATORS' found.
[INFO ] 2020-06-21 23:46:51.697 [main] WebConfigParamsLogger - No context init parameter 'facelets.SKIP_COMMENTS' found.
[INFO ] 2020-06-21 23:46:51.697 [main] WebConfigParamsLogger - No context init parameter 'org.apache.myfaces.WRAP_TAG_EXCEPTIONS_AS_CONTEXT_AWARE' found, using default value 'true'.
[INFO ] 2020-06-21 23:46:51.698 [main] WebConfigParamsLogger - No context init parameter 'org.apache.myfaces.CACHE_EL_EXPRESSIONS' found, using default value 'noCache'.
[INFO ] 2020-06-21 23:46:51.698 [main] WebConfigParamsLogger - No context init parameter 'org.apache.myfaces.VIEW_POOL_MAX_POOL_SIZE' found, using default value '5'.
[INFO ] 2020-06-21 23:46:51.698 [main] WebConfigParamsLogger - No context init parameter 'org.apache.myfaces.VIEW_POOL_MAX_DYNAMIC_PARTIAL_LIMIT' found, using default value '2'.
[INFO ] 2020-06-21 23:46:51.698 [main] WebConfigParamsLogger - No context init parameter 'org.apache.myfaces.VIEW_POOL_ENTRY_MODE' found, using default value 'soft'.
[INFO ] 2020-06-21 23:46:51.698 [main] WebConfigParamsLogger - No context init parameter 'org.apache.myfaces.VIEW_POOL_DEFERRED_NAVIGATION' found, using default value 'false'.
[INFO ] 2020-06-21 23:46:51.698 [main] WebConfigParamsLogger - No context init parameter 'org.apache.myfaces.validator.BEAN_BEFORE_JSF_VALIDATION' found, using default value 'false'.
[INFO ] 2020-06-21 23:46:51.698 [main] WebConfigParamsLogger - No context init parameter 'org.apache.myfaces.EXPRESSION_FACTORY' found.
[INFO ] 2020-06-21 23:46:51.698 [main] WebConfigParamsLogger - No context init parameter 'org.apache.myfaces.INITIALIZE_ALWAYS_STANDALONE' found, using default value 'false'.
[INFO ] 2020-06-21 23:46:51.699 [main] WebConfigParamsLogger - No context init parameter 'org.apache.myfaces.LOG_WEB_CONTEXT_PARAMS' found, using default value 'auto'.
[INFO ] 2020-06-21 23:46:51.699 [main] WebConfigParamsLogger - No context init parameter 'org.apache.myfaces.FACES_INITIALIZER' found.
[INFO ] 2020-06-21 23:46:51.699 [main] WebConfigParamsLogger - No context init parameter 'org.apache.myfaces.FACES_INIT_PLUGINS' found.
[INFO ] 2020-06-21 23:46:51.699 [main] ExternalSpecifications - MyFaces Unified EL support enabled
[INFO ] 2020-06-21 23:46:51.702 [main] ViewPoolProcessor - org.apache.myfaces.CACHE_EL_EXPRESSIONS web config parameter is set to "noCache". To enable view pooling this param must be set to "alwaysRecompile". View Pooling disabled.
[INFO ] 2020-06-21 23:46:51.717 [main] StartupServletContextListener - MyFaces Core has started, it took [1870] ms.
[INFO ] 2020-06-21 23:46:51.724 [main] logger - RewriteFilter starting up...
[INFO ] 2020-06-21 23:46:51.751 [main] logger - Loaded [4] org.ocpsoft.rewrite.servlet.spi.RewriteLifecycleListener [org.ocpsoft.rewrite.prettyfaces.PrettyFacesRewriteLifecycleListener<-100>, org.ocpsoft.rewrite.faces.FacesRewriteLifecycleListener<0>, org.ocpsoft.rewrite.servlet.impl.DefaultRewriteLifecycleListener<2147483647>, org.ocpsoft.rewrite.servlet.config.lifecycle.JoinRewriteLifecycleListener<2147483647>]
[INFO ] 2020-06-21 23:46:51.752 [main] logger - Loaded [1] org.ocpsoft.rewrite.servlet.spi.RequestCycleWrapper [org.ocpsoft.rewrite.servlet.impl.HttpRewriteRequestCycleWrapper<0>]
[INFO ] 2020-06-21 23:46:51.752 [main] logger - Loaded [1] org.ocpsoft.rewrite.spi.RewriteProvider [org.ocpsoft.rewrite.servlet.impl.DefaultHttpRewriteProvider<0>]
[INFO ] 2020-06-21 23:46:51.752 [main] logger - Loaded [1] org.ocpsoft.rewrite.servlet.spi.RewriteResultHandler [org.ocpsoft.rewrite.servlet.impl.HttpRewriteResultHandler<0>]
[INFO ] 2020-06-21 23:46:51.752 [main] logger - Loaded [1] org.ocpsoft.rewrite.servlet.spi.InboundRewriteProducer [org.ocpsoft.rewrite.servlet.impl.HttpInboundRewriteProducer<0>]
[INFO ] 2020-06-21 23:46:51.752 [main] logger - Loaded [1] org.ocpsoft.rewrite.servlet.spi.OutboundRewriteProducer [org.ocpsoft.rewrite.servlet.impl.HttpOutboundRewriteProducer<0>]
[INFO ] 2020-06-21 23:46:51.754 [main] logger - Loaded [1] org.ocpsoft.rewrite.servlet.spi.ContextListener [org.ocpsoft.rewrite.prettyfaces.PrettyConfigContextListener<0>]
[INFO ] 2020-06-21 23:46:51.755 [main] logger - Loaded [0] org.ocpsoft.rewrite.servlet.spi.RequestListener []
[INFO ] 2020-06-21 23:46:51.756 [main] logger - Loaded [1] org.ocpsoft.rewrite.servlet.spi.RequestParameterProvider [org.ocpsoft.rewrite.prettyfaces.PrettyFacesRequestParameterProvider<0>]
[INFO ] 2020-06-21 23:46:51.759 [main] logger - Loaded [1] org.ocpsoft.rewrite.el.spi.ExpressionLanguageProvider [org.ocpsoft.rewrite.faces.FacesExpressionLanguageProvider<30>]
[INFO ] 2020-06-21 23:46:51.762 [main] logger - Loaded [1] org.ocpsoft.rewrite.spi.InvocationResultHandler [org.ocpsoft.rewrite.faces.NavigatingInvocationResultHandler<100>]
[INFO ] 2020-06-21 23:46:51.762 [main] logger - Loaded [0] org.ocpsoft.common.spi.ServiceEnricher []
[INFO ] 2020-06-21 23:46:51.766 [main] logger - Loaded [1] org.ocpsoft.rewrite.spi.ConfigurationCacheProvider [org.ocpsoft.rewrite.servlet.impl.ServletContextConfigurationCacheProvider<0>]
[INFO ] 2020-06-21 23:46:51.769 [main] logger - Loaded [2] org.ocpsoft.rewrite.config.ConfigurationProvider [org.ocpsoft.rewrite.prettyfaces.PrettyFacesRewriteConfigurationProvider<1>, org.ocpsoft.rewrite.annotation.config.AnnotationConfigProvider<100>]
[INFO ] 2020-06-21 23:46:51.774 [main] logger - Loaded [0] org.ocpsoft.rewrite.spi.RuleCacheProvider []
[INFO ] 2020-06-21 23:46:51.843 [main] logger - Loaded [1] org.ocpsoft.rewrite.spi.GlobalParameterProvider [org.ocpsoft.rewrite.instance.WildcardParameterProvider<0>]
[INFO ] 2020-06-21 23:46:51.893 [main] logger - Rewrite 3.4.1.Final initialized.
[INFO ] 2020-06-21 23:46:52.053 [main] ThreadPoolTaskExecutor - Initializing ExecutorService 'applicationTaskExecutor'
[INFO ] 2020-06-21 23:46:52.132 [task-1] LogHelper - HHH000204: Processing PersistenceUnitInfo [name: default]
[WARN ] 2020-06-21 23:46:52.176 [main] JpaBaseConfiguration$JpaWebConfiguration - spring.jpa.open-in-view is enabled by default. Therefore, database queries may be performed during view rendering. Explicitly configure spring.jpa.open-in-view to disable this warning
[INFO ] 2020-06-21 23:46:52.311 [task-1] Version - HHH000412: Hibernate ORM core version 5.4.17.Final
[INFO ] 2020-06-21 23:46:52.629 [main] WelcomePageHandlerMapping - Adding welcome page: ServletContext resource [/index.html]
[INFO ] 2020-06-21 23:46:52.670 [task-1] Version - HCANN000001: Hibernate Commons Annotations {5.1.0.Final}
[INFO ] 2020-06-21 23:46:52.825 [main] Http11NioProtocol - Starting ProtocolHandler ["http-nio-8080"]
[INFO ] 2020-06-21 23:46:52.938 [main] TomcatWebServer - Tomcat started on port(s): 8080 (http) with context path ''
[INFO ] 2020-06-21 23:46:52.940 [main] DeferredRepositoryInitializationListener - Triggering deferred initialization of Spring Data repositories…
[INFO ] 2020-06-21 23:46:53.020 [task-1] HikariDataSource - HikariPool-1 - Starting...
[INFO ] 2020-06-21 23:46:53.299 [task-1] HikariDataSource - HikariPool-1 - Start completed.
[INFO ] 2020-06-21 23:46:53.332 [task-1] Dialect - HHH000400: Using dialect: org.hibernate.dialect.MySQL5Dialect
[INFO ] 2020-06-21 23:46:56.412 [task-1] JtaPlatformInitiator - HHH000490: Using JtaPlatform implementation: [org.hibernate.engine.transaction.jta.platform.internal.NoJtaPlatform]
[INFO ] 2020-06-21 23:46:56.421 [task-1] LocalContainerEntityManagerFactoryBean - Initialized JPA EntityManagerFactory for persistence unit 'default'
[INFO ] 2020-06-21 23:46:57.045 [main] DeferredRepositoryInitializationListener - Spring Data repositories initialized!
[INFO ] 2020-06-21 23:46:57.055 [main] EbuvetteApplication - Started EbuvetteApplication in 11.447 seconds (JVM running for 13.643)
[INFO ] 2020-06-22 02:27:42.157 [main] EbuvetteApplication - An INFO Message
[WARN ] 2020-06-22 02:27:42.215 [main] EbuvetteApplication - A WARN Message
[ERROR] 2020-06-22 02:27:42.215 [main] EbuvetteApplication - An ERROR Message
[INFO ] 2020-06-22 02:27:43.456 [main] EbuvetteApplication - Starting EbuvetteApplication on GHAZLANE with PID 14100 (C:\Users\asus\Desktop\Projet JEE\WorkspaceProjet\E_Buvette\src\main\webapp\WEB-INF\classes started by asus in C:\Users\asus\Desktop\Projet JEE\WorkspaceProjet\E_Buvette)
[INFO ] 2020-06-22 02:27:43.460 [main] EbuvetteApplication - No active profile set, falling back to default profiles: default
[INFO ] 2020-06-22 02:27:45.274 [main] RepositoryConfigurationDelegate - Bootstrapping Spring Data JPA repositories in DEFERRED mode.
[INFO ] 2020-06-22 02:27:45.460 [main] RepositoryConfigurationDelegate - Finished Spring Data repository scanning in 172ms. Found 9 JPA repository interfaces.
[INFO ] 2020-06-22 02:27:47.787 [main] TomcatWebServer - Tomcat initialized with port(s): 8080 (http)
[INFO ] 2020-06-22 02:27:47.810 [main] Http11NioProtocol - Initializing ProtocolHandler ["http-nio-8080"]
[INFO ] 2020-06-22 02:27:47.811 [main] StandardService - Starting service [Tomcat]
[INFO ] 2020-06-22 02:27:47.812 [main] StandardEngine - Starting Servlet engine: [Apache Tomcat/9.0.36]
[INFO ] 2020-06-22 02:27:48.926 [main] TldScanner - At least one JAR was scanned for TLDs yet contained no TLDs. Enable debug logging for this logger for a complete list of JARs that were scanned but no TLDs were found in them. Skipping unneeded JARs during scanning can improve startup time and JSP compilation time.
[INFO ] 2020-06-22 02:27:49.024 [main] [/] - Initializing Spring embedded WebApplicationContext
[INFO ] 2020-06-22 02:27:49.024 [main] ServletWebServerApplicationContext - Root WebApplicationContext: initialization completed in 5507 ms
[INFO ] 2020-06-22 02:27:49.626 [main] DefaultFacesConfigurationProvider - Reading standard config META-INF/standard-faces-config.xml
[INFO ] 2020-06-22 02:27:49.975 [main] DefaultFacesConfigurationProvider - Reading config /WEB-INF/faces-config.xml
[INFO ] 2020-06-22 02:27:50.880 [main] DefaultFacesConfigurationProvider - Reading config : jar:file:/C:/Users/asus/.m2/repository/org/primefaces/primefaces/7.0/primefaces-7.0.jar!/META-INF/faces-config.xml
[INFO ] 2020-06-22 02:27:50.895 [main] DefaultFacesConfigurationProvider - Reading config : jar:file:/C:/Users/asus/.m2/repository/org/ocpsoft/rewrite/rewrite-integration-faces/3.4.1.Final/rewrite-integration-faces-3.4.1.Final.jar!/META-INF/faces-config.xml
[INFO ] 2020-06-22 02:27:50.898 [main] DefaultFacesConfigurationProvider - Reading config : jar:file:/C:/Users/asus/.m2/repository/org/ocpsoft/rewrite/rewrite-config-prettyfaces/3.4.1.Final/rewrite-config-prettyfaces-3.4.1.Final.jar!/META-INF/faces-config.xml
[INFO ] 2020-06-22 02:27:51.103 [main] LogMetaInfUtils - Artifact 'myfaces-api' was found in version '2.2.12' from path 'file:/C:/Users/asus/.m2/repository/org/apache/myfaces/core/myfaces-api/2.2.12/myfaces-api-2.2.12.jar'
[INFO ] 2020-06-22 02:27:51.103 [main] LogMetaInfUtils - Artifact 'myfaces-impl' was found in version '2.2.12' from path 'file:/C:/Users/asus/.m2/repository/org/apache/myfaces/core/myfaces-impl/2.2.12/myfaces-impl-2.2.12.jar'
[INFO ] 2020-06-22 02:27:51.116 [main] ExternalSpecifications - MyFaces CDI support disabled
[INFO ] 2020-06-22 02:27:51.119 [main] DefaultInjectionProviderFactory - Using InjectionProvider org.apache.myfaces.spi.impl.Tomcat7AnnotationInjectionProvider
[INFO ] 2020-06-22 02:27:51.253 [main] ExternalSpecifications - MyFaces Bean Validation support disabled
[INFO ] 2020-06-22 02:27:51.771 [main] logger - RewritePhaseListener starting up.
[INFO ] 2020-06-22 02:27:51.774 [main] ApplicationImpl - Couldn't discover the current project stage, using Production
[INFO ] 2020-06-22 02:27:51.774 [main] FacesConfigurator - Serialization provider : class org.apache.myfaces.shared_impl.util.serial.DefaultSerialFactory
[INFO ] 2020-06-22 02:27:51.781 [main] DefaultLifecycleProviderFactory - Using LifecycleProvider org.apache.myfaces.config.annotation.Tomcat7AnnotationLifecycleProvider
[INFO ] 2020-06-22 02:27:51.835 [main] PostConstructApplicationEventListener - Running on PrimeFaces 7.0
[INFO ] 2020-06-22 02:27:51.835 [main] AbstractFacesInitializer - ServletContext initialized.
[INFO ] 2020-06-22 02:27:51.839 [main] WebConfigParamsLogger - Tomahawk jar not available. Autoscrolling, DetectJavascript, AddResourceClass and CheckExtensionsFilter are disabled now.
[INFO ] 2020-06-22 02:27:51.840 [main] WebConfigParamsLogger - Scanning for context init parameters not defined. It is not necessary to define them all into your web.xml, they are just provided here for informative purposes. To disable this messages set org.apache.myfaces.LOG_WEB_CONTEXT_PARAMS config param to 'false'
[INFO ] 2020-06-22 02:27:51.840 [main] WebConfigParamsLogger - No context init parameter 'javax.faces.RESOURCE_EXCLUDES' found, using default value '.class .jsp .jspx .properties .xhtml .groovy'.
[INFO ] 2020-06-22 02:27:51.840 [main] WebConfigParamsLogger - No context init parameter 'javax.faces.STATE_SAVING_METHOD' found, using default value 'server'.
[INFO ] 2020-06-22 02:27:51.840 [main] WebConfigParamsLogger - No context init parameter 'javax.faces.FULL_STATE_SAVING_VIEW_IDS' found.
[INFO ] 2020-06-22 02:27:51.841 [main] WebConfigParamsLogger - No context init parameter 'javax.faces.PARTIAL_STATE_SAVING' found, using default value 'true (false with 1.2 webapps)'.
[INFO ] 2020-06-22 02:27:51.841 [main] WebConfigParamsLogger - No context init parameter 'javax.faces.SERIALIZE_SERVER_STATE' found, using default value 'false'.
[INFO ] 2020-06-22 02:27:51.841 [main] WebConfigParamsLogger - No context init parameter 'javax.faces.DEFAULT_SUFFIX' found, using default value '.xhtml .view.xml .jsp'.
[INFO ] 2020-06-22 02:27:51.842 [main] WebConfigParamsLogger - No context init parameter 'javax.faces.FACELETS_SUFFIX' found, using default value '.xhtml'.
[INFO ] 2020-06-22 02:27:51.842 [main] WebConfigParamsLogger - No context init parameter 'javax.faces.FACELETS_VIEW_MAPPINGS' found.
[INFO ] 2020-06-22 02:27:51.842 [main] WebConfigParamsLogger - No context init parameter 'DISABLE_FACELET_JSF_VIEWHANDLER' found.
[INFO ] 2020-06-22 02:27:51.842 [main] WebConfigParamsLogger - No context init parameter 'javax.faces.FACELETS_BUFFER_SIZE' found, using default value '1024'.
[INFO ] 2020-06-22 02:27:51.842 [main] WebConfigParamsLogger - No context init parameter 'javax.faces.FACELETS_DECORATORS' found.
[INFO ] 2020-06-22 02:27:51.843 [main] WebConfigParamsLogger - No context init parameter 'javax.faces.FACELETS_LIBRARIES' found.
[INFO ] 2020-06-22 02:27:51.843 [main] WebConfigParamsLogger - No context init parameter 'javax.faces.FACELETS_REFRESH_PERIOD' found, using default value '-1'.
[INFO ] 2020-06-22 02:27:51.843 [main] WebConfigParamsLogger - No context init parameter 'javax.faces.FACELETS_SKIP_COMMENTS' found.
[INFO ] 2020-06-22 02:27:51.844 [main] WebConfigParamsLogger - No context init parameter 'javax.faces.HONOR_CURRENT_COMPONENT_ATTRIBUTES' found, using default value 'false'.
[INFO ] 2020-06-22 02:27:51.844 [main] WebConfigParamsLogger - No context init parameter 'javax.faces.VALIDATE_EMPTY_FIELDS' found, using default value 'auto'.
[INFO ] 2020-06-22 02:27:51.844 [main] WebConfigParamsLogger - No context init parameter 'javax.faces.INTERPRET_EMPTY_STRING_SUBMITTED_VALUES_AS_NULL' found, using default value 'false'.
[INFO ] 2020-06-22 02:27:51.844 [main] WebConfigParamsLogger - No context init parameter 'javax.faces.DATETIMECONVERTER_DEFAULT_TIMEZONE_IS_SYSTEM_TIMEZONE' found, using default value 'false'.
[INFO ] 2020-06-22 02:27:51.844 [main] WebConfigParamsLogger - No context init parameter 'org.apache.myfaces.ENUM_CONVERTER_ALLOW_STRING_PASSTROUGH' found, using default value 'false'.
[INFO ] 2020-06-22 02:27:51.845 [main] WebConfigParamsLogger - No context init parameter 'javax.faces.validator.DISABLE_DEFAULT_BEAN_VALIDATOR' found, using default value 'true'.
[INFO ] 2020-06-22 02:27:51.845 [main] WebConfigParamsLogger - No context init parameter 'javax.faces.CONFIG_FILES' found.
[INFO ] 2020-06-22 02:27:51.845 [main] WebConfigParamsLogger - No context init parameter 'javax.faces.LIFECYCLE_ID' found.
[INFO ] 2020-06-22 02:27:51.846 [main] WebConfigParamsLogger - No context init parameter 'org.apache.myfaces.ERROR_HANDLER' found.
[INFO ] 2020-06-22 02:27:51.846 [main] WebConfigParamsLogger - No context init parameter 'org.apache.myfaces.CHECKED_VIEWID_CACHE_SIZE' found, using default value '500'.
[INFO ] 2020-06-22 02:27:51.846 [main] WebConfigParamsLogger - No context init parameter 'org.apache.myfaces.CHECKED_VIEWID_CACHE_ENABLED' found, using default value 'true'.
[INFO ] 2020-06-22 02:27:51.846 [main] WebConfigParamsLogger - No context init parameter 'org.apache.myfaces.PRETTY_HTML' found, using default value 'true'.
[INFO ] 2020-06-22 02:27:51.846 [main] WebConfigParamsLogger - No context init parameter 'org.apache.myfaces.ALLOW_JAVASCRIPT' found, using default value 'true'.
[INFO ] 2020-06-22 02:27:51.846 [main] WebConfigParamsLogger - No context init parameter 'org.apache.myfaces.CONFIG_REFRESH_PERIOD' found, using default value '2'.
[INFO ] 2020-06-22 02:27:51.847 [main] WebConfigParamsLogger - No context init parameter 'org.apache.myfaces.VIEWSTATE_JAVASCRIPT' found, using default value 'false'.
[INFO ] 2020-06-22 02:27:51.847 [main] WebConfigParamsLogger - No context init parameter 'org.apache.myfaces.RENDER_VIEWSTATE_ID' found, using default value 'true'.
[INFO ] 2020-06-22 02:27:51.847 [main] WebConfigParamsLogger - No context init parameter 'org.apache.myfaces.STRICT_XHTML_LINKS' found, using default value 'true'.
[INFO ] 2020-06-22 02:27:51.847 [main] WebConfigParamsLogger - No context init parameter 'org.apache.myfaces.RENDER_CLEAR_JAVASCRIPT_FOR_BUTTON' found, using default value 'false'.
[INFO ] 2020-06-22 02:27:51.847 [main] WebConfigParamsLogger - No context init parameter 'org.apache.myfaces.RENDER_HIDDEN_FIELDS_FOR_LINK_PARAMS' found, using default value 'false'.
[INFO ] 2020-06-22 02:27:51.848 [main] WebConfigParamsLogger - No context init parameter 'org.apache.myfaces.SAVE_FORM_SUBMIT_LINK_IE' found, using default value 'false'.
[INFO ] 2020-06-22 02:27:51.848 [main] WebConfigParamsLogger - No context init parameter 'org.apache.myfaces.DELEGATE_FACES_SERVLET' found.
[INFO ] 2020-06-22 02:27:51.848 [main] WebConfigParamsLogger - No context init parameter 'org.apache.myfaces.REFRESH_TRANSIENT_BUILD_ON_PSS' found, using default value 'auto'.
[INFO ] 2020-06-22 02:27:51.848 [main] WebConfigParamsLogger - No context init parameter 'org.apache.myfaces.REFRESH_TRANSIENT_BUILD_ON_PSS_PRESERVE_STATE' found, using default value 'false'.
[INFO ] 2020-06-22 02:27:51.848 [main] WebConfigParamsLogger - No context init parameter 'org.apache.myfaces.VALIDATE_XML' found.
[INFO ] 2020-06-22 02:27:51.849 [main] WebConfigParamsLogger - No context init parameter 'org.apache.myfaces.WRAP_SCRIPT_CONTENT_WITH_XML_COMMENT_TAG' found, using default value 'false'.
[INFO ] 2020-06-22 02:27:51.849 [main] WebConfigParamsLogger - No context init parameter 'org.apache.myfaces.RENDER_FORM_SUBMIT_SCRIPT_INLINE' found, using default value 'false'.
[INFO ] 2020-06-22 02:27:51.849 [main] WebConfigParamsLogger - No context init parameter 'org.apache.myfaces.DEBUG_PHASE_LISTENER' found.
[INFO ] 2020-06-22 02:27:51.850 [main] WebConfigParamsLogger - No context init parameter 'org.apache.myfaces.STRICT_JSF_2_REFRESH_TARGET_AJAX' found, using default value 'false'.
[INFO ] 2020-06-22 02:27:51.850 [main] WebConfigParamsLogger - No context init parameter 'org.apache.myfaces.STRICT_JSF_2_CC_EL_RESOLVER' found, using default value 'false'.
[INFO ] 2020-06-22 02:27:51.850 [main] WebConfigParamsLogger - No context init parameter 'org.apache.myfaces.DEFAULT_RESPONSE_WRITER_CONTENT_TYPE_MODE' found, using default value 'text/html'.
[INFO ] 2020-06-22 02:27:51.850 [main] WebConfigParamsLogger - No context init parameter 'org.apache.myfaces.VIEW_UNIQUE_IDS_CACHE_ENABLED' found, using default value 'true'.
[INFO ] 2020-06-22 02:27:51.851 [main] WebConfigParamsLogger - No context init parameter 'org.apache.myfaces.COMPONENT_UNIQUE_IDS_CACHE_SIZE' found, using default value '100'.
[INFO ] 2020-06-22 02:27:51.851 [main] WebConfigParamsLogger - No context init parameter 'org.apache.myfaces.SUPPORT_JSP_AND_FACES_EL' found, using default value 'true'.
[INFO ] 2020-06-22 02:27:51.851 [main] WebConfigParamsLogger - No context init parameter 'org.apache.myfaces.GAE_JSF_JAR_FILES' found.
[INFO ] 2020-06-22 02:27:51.851 [main] WebConfigParamsLogger - No context init parameter 'org.apache.myfaces.GAE_JSF_ANNOTATIONS_JAR_FILES' found.
[INFO ] 2020-06-22 02:27:51.851 [main] WebConfigParamsLogger - No context init parameter 'org.apache.myfaces.STRICT_JSF_2_VIEW_NOT_FOUND' found, using default value 'false'.
[INFO ] 2020-06-22 02:27:51.852 [main] WebConfigParamsLogger - No context init parameter 'org.apache.myfaces.EARLY_FLUSH_ENABLED' found, using default value 'false'.
[INFO ] 2020-06-22 02:27:51.852 [main] WebConfigParamsLogger - No context init parameter 'org.apache.myfaces.CDI_MANAGED_CONVERTERS_ENABLED' found, using default value 'false'.
[INFO ] 2020-06-22 02:27:51.852 [main] WebConfigParamsLogger - No context init parameter 'org.apache.myfaces.CDI_MANAGED_VALIDATORS_ENABLED' found, using default value 'false'.
[INFO ] 2020-06-22 02:27:51.852 [main] WebConfigParamsLogger - No context init parameter 'org.apache.myfaces.STRICT_JSF_2_FACELETS_COMPATIBILITY' found, using default value 'false'.
[INFO ] 2020-06-22 02:27:51.853 [main] WebConfigParamsLogger - No context init parameter 'org.apache.myfaces.RENDER_FORM_VIEW_STATE_AT_BEGIN' found, using default value 'false'.
[INFO ] 2020-06-22 02:27:51.853 [main] WebConfigParamsLogger - No context init parameter 'org.apache.myfaces.FLASH_SCOPE_DISABLED' found, using default value 'false'.
[INFO ] 2020-06-22 02:27:51.853 [main] WebConfigParamsLogger - No context init parameter 'org.apache.myfaces.NUMBER_OF_VIEWS_IN_SESSION' found, using default value '20'.
[INFO ] 2020-06-22 02:27:51.853 [main] WebConfigParamsLogger - No context init parameter 'org.apache.myfaces.NUMBER_OF_SEQUENTIAL_VIEWS_IN_SESSION' found, using default value '4'.
[INFO ] 2020-06-22 02:27:51.854 [main] WebConfigParamsLogger - No context init parameter 'org.apache.myfaces.NUMBER_OF_FLASH_TOKENS_IN_SESSION' found.
[INFO ] 2020-06-22 02:27:51.854 [main] WebConfigParamsLogger - No context init parameter 'org.apache.myfaces.FACES_FLOW_CLIENT_WINDOW_IDS_IN_SESSION' found.
[INFO ] 2020-06-22 02:27:51.854 [main] WebConfigParamsLogger - No context init parameter 'org.apache.myfaces.SUPPORT_EL_3_IMPORT_HANDLER' found, using default value 'false'.
[INFO ] 2020-06-22 02:27:51.854 [main] WebConfigParamsLogger - No context init parameter 'org.apache.myfaces.RESOURCE_MAX_TIME_EXPIRES' found, using default value '604800000'.
[INFO ] 2020-06-22 02:27:51.855 [main] WebConfigParamsLogger - No context init parameter 'org.apache.myfaces.RESOURCE_HANDLER_CACHE_SIZE' found, using default value '500'.
[INFO ] 2020-06-22 02:27:51.855 [main] WebConfigParamsLogger - No context init parameter 'org.apache.myfaces.RESOURCE_HANDLER_CACHE_ENABLED' found, using default value 'true'.
[INFO ] 2020-06-22 02:27:51.855 [main] WebConfigParamsLogger - No context init parameter 'org.apache.myfaces.USE_ENCRYPTION' found, using default value 'true'.
[INFO ] 2020-06-22 02:27:51.855 [main] WebConfigParamsLogger - No context init parameter 'org.apache.myfaces.SECRET' found.
[INFO ] 2020-06-22 02:27:51.855 [main] WebConfigParamsLogger - No context init parameter 'org.apache.myfaces.ALGORITHM' found, using default value 'DES'.
[INFO ] 2020-06-22 02:27:51.856 [main] WebConfigParamsLogger - No context init parameter 'org.apache.myfaces.SECRET.CACHE' found.
[INFO ] 2020-06-22 02:27:51.856 [main] WebConfigParamsLogger - No context init parameter 'org.apache.myfaces.ALGORITHM.IV' found.
[INFO ] 2020-06-22 02:27:51.856 [main] WebConfigParamsLogger - No context init parameter 'org.apache.myfaces.ALGORITHM.PARAMETERS' found, using default value 'ECB/PKCS5Padding'.
[INFO ] 2020-06-22 02:27:51.856 [main] WebConfigParamsLogger - No context init parameter 'org.apache.myfaces.SERIAL_FACTORY' found.
[INFO ] 2020-06-22 02:27:51.856 [main] WebConfigParamsLogger - No context init parameter 'org.apache.myfaces.COMPRESS_STATE_IN_CLIENT' found, using default value 'false'.
[INFO ] 2020-06-22 02:27:51.857 [main] WebConfigParamsLogger - No context init parameter 'org.apache.myfaces.MAC_ALGORITHM' found, using default value 'HmacSHA1'.
[INFO ] 2020-06-22 02:27:51.857 [main] WebConfigParamsLogger - No context init parameter 'org.apache.myfaces.MAC_SECRET' found.
[INFO ] 2020-06-22 02:27:51.857 [main] WebConfigParamsLogger - No context init parameter 'org.apache.myfaces.MAC_SECRET.CACHE' found.
[INFO ] 2020-06-22 02:27:51.857 [main] WebConfigParamsLogger - No context init parameter 'javax.faces.PROJECT_STAGE' found, using default value 'Production'.
[INFO ] 2020-06-22 02:27:51.858 [main] WebConfigParamsLogger - No context init parameter 'org.apache.myfaces.LAZY_LOAD_CONFIG_OBJECTS' found, using default value 'true'.
[INFO ] 2020-06-22 02:27:51.858 [main] WebConfigParamsLogger - No context init parameter 'org.apache.myfaces.STRICT_JSF_2_ALLOW_SLASH_LIBRARY_NAME' found, using default value 'false'.
[INFO ] 2020-06-22 02:27:51.858 [main] WebConfigParamsLogger - No context init parameter 'org.apache.myfaces.RESOURCE_BUFFER_SIZE' found, using default value '2048'.
[INFO ] 2020-06-22 02:27:51.858 [main] WebConfigParamsLogger - No context init parameter 'org.apache.myfaces.RANDOM_KEY_IN_CSRF_SESSION_TOKEN' found, using default value 'none'.
[INFO ] 2020-06-22 02:27:51.858 [main] WebConfigParamsLogger - No context init parameter 'org.apache.myfaces.RANDOM_KEY_IN_CSRF_SESSION_TOKEN_LENGTH' found, using default value '16'.
[INFO ] 2020-06-22 02:27:51.859 [main] WebConfigParamsLogger - No context init parameter 'org.apache.myfaces.RANDOM_KEY_IN_CSRF_SESSION_TOKEN_SECURE_RANDOM_CLASS' found.
[INFO ] 2020-06-22 02:27:51.859 [main] WebConfigParamsLogger - No context init parameter 'org.apache.myfaces.RANDOM_KEY_IN_CSRF_SESSION_TOKEN_SECURE_RANDOM_PROVIDER' found.
[INFO ] 2020-06-22 02:27:51.859 [main] WebConfigParamsLogger - No context init parameter 'org.apache.myfaces.RANDOM_KEY_IN_CSRF_SESSION_TOKEN_SECURE_RANDOM_ALGORITM' found, using default value 'SHA1PRNG'.
[INFO ] 2020-06-22 02:27:51.860 [main] WebConfigParamsLogger - No context init parameter 'org.apache.myfaces.CLIENT_VIEW_STATE_TIMEOUT' found, using default value '0'.
[INFO ] 2020-06-22 02:27:51.860 [main] WebConfigParamsLogger - No context init parameter 'org.apache.myfaces.SERIALIZE_STATE_IN_SESSION' found, using default value 'false'.
[INFO ] 2020-06-22 02:27:51.860 [main] WebConfigParamsLogger - No context init parameter 'org.apache.myfaces.COMPRESS_STATE_IN_SESSION' found, using default value 'true'.
[INFO ] 2020-06-22 02:27:51.860 [main] WebConfigParamsLogger - No context init parameter 'org.apache.myfaces.CACHE_OLD_VIEWS_IN_SESSION_MODE' found, using default value 'off'.
[INFO ] 2020-06-22 02:27:51.860 [main] WebConfigParamsLogger - No context init parameter 'org.apache.myfaces.USE_FLASH_SCOPE_PURGE_VIEWS_IN_SESSION' found, using default value 'false'.
[INFO ] 2020-06-22 02:27:51.861 [main] WebConfigParamsLogger - No context init parameter 'org.apache.myfaces.RANDOM_KEY_IN_VIEW_STATE_SESSION_TOKEN' found, using default value 'none'.
[INFO ] 2020-06-22 02:27:51.861 [main] WebConfigParamsLogger - No context init parameter 'org.apache.myfaces.RANDOM_KEY_IN_VIEW_STATE_SESSION_TOKEN_LENGTH' found, using default value '8'.
[INFO ] 2020-06-22 02:27:51.861 [main] WebConfigParamsLogger - No context init parameter 'org.apache.myfaces.RANDOM_KEY_IN_VIEW_STATE_SESSION_TOKEN_SECURE_RANDOM_CLASS' found.
[INFO ] 2020-06-22 02:27:51.861 [main] WebConfigParamsLogger - No context init parameter 'org.apache.myfaces.RANDOM_KEY_IN_VIEW_STATE_SESSION_TOKEN_SECURE_RANDOM_PROVIDER' found.
[INFO ] 2020-06-22 02:27:51.861 [main] WebConfigParamsLogger - No context init parameter 'org.apache.myfaces.RANDOM_KEY_IN_VIEW_STATE_SESSION_TOKEN_SECURE_RANDOM_ALGORITM' found, using default value 'SHA1PRNG'.
[INFO ] 2020-06-22 02:27:51.862 [main] WebConfigParamsLogger - No context init parameter 'facelets.LIBRARIES' found.
[INFO ] 2020-06-22 02:27:51.862 [main] WebConfigParamsLogger - No context init parameter 'org.apache.myfaces.VALIDATE' found, using default value 'false'.
[INFO ] 2020-06-22 02:27:51.862 [main] WebConfigParamsLogger - No context init parameter 'org.apache.myfaces.annotation.USE_CDI_FOR_ANNOTATION_SCANNING' found.
[INFO ] 2020-06-22 02:27:51.863 [main] WebConfigParamsLogger - No context init parameter 'org.apache.myfaces.annotation.SCAN_PACKAGES' found.
[INFO ] 2020-06-22 02:27:51.863 [main] WebConfigParamsLogger - No context init parameter 'org.apache.myfaces.config.annotation.LifecycleProvider' found.
[INFO ] 2020-06-22 02:27:51.863 [main] WebConfigParamsLogger - No context init parameter 'org.apache.myfaces.INITIALIZE_SKIP_JAR_FACES_CONFIG_SCAN' found, using default value 'false'.
[INFO ] 2020-06-22 02:27:51.863 [main] WebConfigParamsLogger - No context init parameter 'org.apache.myfaces.EL_RESOLVER_COMPARATOR' found.
[INFO ] 2020-06-22 02:27:51.864 [main] WebConfigParamsLogger - No context init parameter 'org.apache.myfaces.EL_RESOLVER_PREDICATE' found.
[INFO ] 2020-06-22 02:27:51.864 [main] WebConfigParamsLogger - No context init parameter 'org.apache.myfaces.DEFAULT_WINDOW_MODE' found, using default value 'url'.
[INFO ] 2020-06-22 02:27:51.864 [main] WebConfigParamsLogger - No context init parameter 'org.apache.myfaces.CHECKED_VIEWID_CACHE_SIZE' found, using default value '500'.
[INFO ] 2020-06-22 02:27:51.864 [main] WebConfigParamsLogger - No context init parameter 'org.apache.myfaces.CHECKED_VIEWID_CACHE_ENABLED' found, using default value 'true'.
[INFO ] 2020-06-22 02:27:51.865 [main] WebConfigParamsLogger - No context init parameter 'org.apache.myfaces.ERROR_TEMPLATE_RESOURCE' found, using default value 'META-INF/rsc/myfaces-dev-error.xml'.
[INFO ] 2020-06-22 02:27:51.865 [main] WebConfigParamsLogger - No context init parameter 'org.apache.myfaces.DEBUG_TEMPLATE_RESOURCE' found, using default value 'META-INF/rsc/myfaces-dev-debug.xml'.
[INFO ] 2020-06-22 02:27:51.865 [main] WebConfigParamsLogger - No context init parameter 'org.apache.myfaces.ERROR_HANDLING' found, using default value 'false, on Development Project stage: true'.
[INFO ] 2020-06-22 02:27:51.865 [main] WebConfigParamsLogger - No context init parameter 'org.apache.myfaces.HANDLE_STATE_CACHING_MECHANICS' found, using default value 'true'.
[INFO ] 2020-06-22 02:27:51.866 [main] WebConfigParamsLogger - No context init parameter 'org.apache.myfaces.AUTOCOMPLETE_OFF_VIEW_STATE' found, using default value 'true'.
[INFO ] 2020-06-22 02:27:51.866 [main] WebConfigParamsLogger - No context init parameter 'org.apache.myfaces.USE_MULTIPLE_JS_FILES_FOR_JSF_UNCOMPRESSED_JS' found, using default value 'false'.
[INFO ] 2020-06-22 02:27:51.866 [main] WebConfigParamsLogger - No context init parameter 'org.apache.myfaces.JSF_JS_MODE' found, using default value 'normal'.
[INFO ] 2020-06-22 02:27:51.866 [main] WebConfigParamsLogger - No context init parameter 'org.apache.myfaces.TEMPORAL_RESOURCEHANDLER_CACHE_ENABLED' found, using default value 'false'.
[INFO ] 2020-06-22 02:27:51.866 [main] WebConfigParamsLogger - No context init parameter 'org.apache.myfaces.SERVICE_PROVIDER_FINDER' found.
[INFO ] 2020-06-22 02:27:51.867 [main] WebConfigParamsLogger - No context init parameter 'org.apache.myfaces.spi.InjectionProvider' found.
[INFO ] 2020-06-22 02:27:51.867 [main] WebConfigParamsLogger - No context init parameter 'javax.faces.DISABLE_FACELET_JSF_VIEWHANDLER' found, using default value 'false'.
[INFO ] 2020-06-22 02:27:51.867 [main] WebConfigParamsLogger - No context init parameter 'org.apache.myfaces.SAVE_STATE_WITH_VISIT_TREE_ON_PSS' found, using default value 'true'.
[INFO ] 2020-06-22 02:27:51.867 [main] WebConfigParamsLogger - No context init parameter 'org.apache.myfaces.CHECK_ID_PRODUCTION_MODE' found, using default value 'auto'.
[INFO ] 2020-06-22 02:27:51.867 [main] WebConfigParamsLogger - No context init parameter 'facelets.BUFFER_SIZE' found.
[INFO ] 2020-06-22 02:27:51.867 [main] WebConfigParamsLogger - No context init parameter 'facelets.REFRESH_PERIOD' found, using default value '-1'.
[INFO ] 2020-06-22 02:27:51.867 [main] WebConfigParamsLogger - No context init parameter 'javax.faces.FACELETS_RESOURCE_RESOLVER' found.
[INFO ] 2020-06-22 02:27:51.867 [main] WebConfigParamsLogger - No context init parameter 'facelets.RESOURCE_RESOLVER' found.
[INFO ] 2020-06-22 02:27:51.868 [main] WebConfigParamsLogger - No context init parameter 'org.apache.myfaces.MARK_INITIAL_STATE_WHEN_APPLY_BUILD_VIEW' found, using default value 'false'.
[INFO ] 2020-06-22 02:27:51.868 [main] WebConfigParamsLogger - No context init parameter 'facelets.DECORATORS' found.
[INFO ] 2020-06-22 02:27:51.868 [main] WebConfigParamsLogger - No context init parameter 'facelets.SKIP_COMMENTS' found.
[INFO ] 2020-06-22 02:27:51.868 [main] WebConfigParamsLogger - No context init parameter 'org.apache.myfaces.WRAP_TAG_EXCEPTIONS_AS_CONTEXT_AWARE' found, using default value 'true'.
[INFO ] 2020-06-22 02:27:51.868 [main] WebConfigParamsLogger - No context init parameter 'org.apache.myfaces.CACHE_EL_EXPRESSIONS' found, using default value 'noCache'.
[INFO ] 2020-06-22 02:27:51.869 [main] WebConfigParamsLogger - No context init parameter 'org.apache.myfaces.VIEW_POOL_MAX_POOL_SIZE' found, using default value '5'.
[INFO ] 2020-06-22 02:27:51.869 [main] WebConfigParamsLogger - No context init parameter 'org.apache.myfaces.VIEW_POOL_MAX_DYNAMIC_PARTIAL_LIMIT' found, using default value '2'.
[INFO ] 2020-06-22 02:27:51.869 [main] WebConfigParamsLogger - No context init parameter 'org.apache.myfaces.VIEW_POOL_ENTRY_MODE' found, using default value 'soft'.
[INFO ] 2020-06-22 02:27:51.869 [main] WebConfigParamsLogger - No context init parameter 'org.apache.myfaces.VIEW_POOL_DEFERRED_NAVIGATION' found, using default value 'false'.
[INFO ] 2020-06-22 02:27:51.869 [main] WebConfigParamsLogger - No context init parameter 'org.apache.myfaces.validator.BEAN_BEFORE_JSF_VALIDATION' found, using default value 'false'.
[INFO ] 2020-06-22 02:27:51.869 [main] WebConfigParamsLogger - No context init parameter 'org.apache.myfaces.EXPRESSION_FACTORY' found.
[INFO ] 2020-06-22 02:27:51.870 [main] WebConfigParamsLogger - No context init parameter 'org.apache.myfaces.INITIALIZE_ALWAYS_STANDALONE' found, using default value 'false'.
[INFO ] 2020-06-22 02:27:51.870 [main] WebConfigParamsLogger - No context init parameter 'org.apache.myfaces.LOG_WEB_CONTEXT_PARAMS' found, using default value 'auto'.
[INFO ] 2020-06-22 02:27:51.870 [main] WebConfigParamsLogger - No context init parameter 'org.apache.myfaces.FACES_INITIALIZER' found.
[INFO ] 2020-06-22 02:27:51.870 [main] WebConfigParamsLogger - No context init parameter 'org.apache.myfaces.FACES_INIT_PLUGINS' found.
[INFO ] 2020-06-22 02:27:51.870 [main] ExternalSpecifications - MyFaces Unified EL support enabled
[INFO ] 2020-06-22 02:27:51.874 [main] ViewPoolProcessor - org.apache.myfaces.CACHE_EL_EXPRESSIONS web config parameter is set to "noCache". To enable view pooling this param must be set to "alwaysRecompile". View Pooling disabled.
[INFO ] 2020-06-22 02:27:51.896 [main] StartupServletContextListener - MyFaces Core has started, it took [2553] ms.
[INFO ] 2020-06-22 02:27:51.901 [main] logger - RewriteFilter starting up...
[INFO ] 2020-06-22 02:27:51.930 [main] logger - Loaded [4] org.ocpsoft.rewrite.servlet.spi.RewriteLifecycleListener [org.ocpsoft.rewrite.prettyfaces.PrettyFacesRewriteLifecycleListener<-100>, org.ocpsoft.rewrite.faces.FacesRewriteLifecycleListener<0>, org.ocpsoft.rewrite.servlet.config.lifecycle.JoinRewriteLifecycleListener<2147483647>, org.ocpsoft.rewrite.servlet.impl.DefaultRewriteLifecycleListener<2147483647>]
[INFO ] 2020-06-22 02:27:51.930 [main] logger - Loaded [1] org.ocpsoft.rewrite.servlet.spi.RequestCycleWrapper [org.ocpsoft.rewrite.servlet.impl.HttpRewriteRequestCycleWrapper<0>]
[INFO ] 2020-06-22 02:27:51.931 [main] logger - Loaded [1] org.ocpsoft.rewrite.spi.RewriteProvider [org.ocpsoft.rewrite.servlet.impl.DefaultHttpRewriteProvider<0>]
[INFO ] 2020-06-22 02:27:51.931 [main] logger - Loaded [1] org.ocpsoft.rewrite.servlet.spi.RewriteResultHandler [org.ocpsoft.rewrite.servlet.impl.HttpRewriteResultHandler<0>]
[INFO ] 2020-06-22 02:27:51.932 [main] logger - Loaded [1] org.ocpsoft.rewrite.servlet.spi.InboundRewriteProducer [org.ocpsoft.rewrite.servlet.impl.HttpInboundRewriteProducer<0>]
[INFO ] 2020-06-22 02:27:51.932 [main] logger - Loaded [1] org.ocpsoft.rewrite.servlet.spi.OutboundRewriteProducer [org.ocpsoft.rewrite.servlet.impl.HttpOutboundRewriteProducer<0>]
[INFO ] 2020-06-22 02:27:51.939 [main] logger - Loaded [1] org.ocpsoft.rewrite.servlet.spi.ContextListener [org.ocpsoft.rewrite.prettyfaces.PrettyConfigContextListener<0>]
[INFO ] 2020-06-22 02:27:51.941 [main] logger - Loaded [0] org.ocpsoft.rewrite.servlet.spi.RequestListener []
[INFO ] 2020-06-22 02:27:51.945 [main] logger - Loaded [1] org.ocpsoft.rewrite.servlet.spi.RequestParameterProvider [org.ocpsoft.rewrite.prettyfaces.PrettyFacesRequestParameterProvider<0>]
[INFO ] 2020-06-22 02:27:51.947 [main] logger - Loaded [1] org.ocpsoft.rewrite.el.spi.ExpressionLanguageProvider [org.ocpsoft.rewrite.faces.FacesExpressionLanguageProvider<30>]
[INFO ] 2020-06-22 02:27:51.950 [main] logger - Loaded [1] org.ocpsoft.rewrite.spi.InvocationResultHandler [org.ocpsoft.rewrite.faces.NavigatingInvocationResultHandler<100>]
[INFO ] 2020-06-22 02:27:51.951 [main] logger - Loaded [0] org.ocpsoft.common.spi.ServiceEnricher []
[INFO ] 2020-06-22 02:27:51.954 [main] logger - Loaded [1] org.ocpsoft.rewrite.spi.ConfigurationCacheProvider [org.ocpsoft.rewrite.servlet.impl.ServletContextConfigurationCacheProvider<0>]
[INFO ] 2020-06-22 02:27:51.958 [main] logger - Loaded [2] org.ocpsoft.rewrite.config.ConfigurationProvider [org.ocpsoft.rewrite.annotation.config.AnnotationConfigProvider<100>, org.ocpsoft.rewrite.prettyfaces.PrettyFacesRewriteConfigurationProvider<1>]
[INFO ] 2020-06-22 02:27:51.963 [main] logger - Loaded [0] org.ocpsoft.rewrite.spi.RuleCacheProvider []
[INFO ] 2020-06-22 02:27:52.101 [main] logger - Loaded [1] org.ocpsoft.rewrite.spi.GlobalParameterProvider [org.ocpsoft.rewrite.instance.WildcardParameterProvider<0>]
[INFO ] 2020-06-22 02:27:52.260 [main] logger - Rewrite 3.4.1.Final initialized.
[INFO ] 2020-06-22 02:27:52.602 [main] ThreadPoolTaskExecutor - Initializing ExecutorService 'applicationTaskExecutor'
[INFO ] 2020-06-22 02:27:52.758 [task-1] LogHelper - HHH000204: Processing PersistenceUnitInfo [name: default]
[WARN ] 2020-06-22 02:27:52.842 [main] JpaBaseConfiguration$JpaWebConfiguration - spring.jpa.open-in-view is enabled by default. Therefore, database queries may be performed during view rendering. Explicitly configure spring.jpa.open-in-view to disable this warning
[INFO ] 2020-06-22 02:27:52.965 [task-1] Version - HHH000412: Hibernate ORM core version 5.4.17.Final
[INFO ] 2020-06-22 02:27:53.446 [task-1] Version - HCANN000001: Hibernate Commons Annotations {5.1.0.Final}
[INFO ] 2020-06-22 02:27:53.796 [task-1] HikariDataSource - HikariPool-1 - Starting...
[INFO ] 2020-06-22 02:27:53.799 [main] DefaultSecurityFilterChain - Creating filter chain: Ant [pattern='/**', POST], []
[INFO ] 2020-06-22 02:27:53.964 [main] DefaultSecurityFilterChain - Creating filter chain: any request, [org.springframework.security.web.context.request.async.WebAsyncManagerIntegrationFilter@1e2b37cd, org.springframework.security.web.context.SecurityContextPersistenceFilter@3d3b852e, org.springframework.security.web.header.HeaderWriterFilter@dcdb883, org.springframework.security.web.authentication.logout.LogoutFilter@182dcd2b, org.springframework.security.web.authentication.UsernamePasswordAuthenticationFilter@c478e4e, org.springframework.security.web.savedrequest.RequestCacheAwareFilter@55cb3b7, org.springframework.security.web.servletapi.SecurityContextHolderAwareRequestFilter@1fa796a4, org.springframework.security.web.authentication.AnonymousAuthenticationFilter@2ba08f26, org.springframework.security.web.session.SessionManagementFilter@4fbbd98c, org.springframework.security.web.access.ExceptionTranslationFilter@42e4431, org.springframework.security.web.access.intercept.FilterSecurityInterceptor@7d07e04e]
[INFO ] 2020-06-22 02:27:54.515 [main] WelcomePageHandlerMapping - Adding welcome page: ServletContext resource [/index.html]
[INFO ] 2020-06-22 02:27:54.726 [main] Http11NioProtocol - Starting ProtocolHandler ["http-nio-8080"]
[INFO ] 2020-06-22 02:27:54.786 [main] TomcatWebServer - Tomcat started on port(s): 8080 (http) with context path ''
[INFO ] 2020-06-22 02:27:54.789 [main] DeferredRepositoryInitializationListener - Triggering deferred initialization of Spring Data repositories…
[INFO ] 2020-06-22 02:27:55.529 [task-1] HikariDataSource - HikariPool-1 - Start completed.
[INFO ] 2020-06-22 02:27:55.544 [http-nio-8080-exec-1] [/] - Initializing Spring DispatcherServlet 'dispatcherServlet'
[INFO ] 2020-06-22 02:27:55.545 [http-nio-8080-exec-1] DispatcherServlet - Initializing Servlet 'dispatcherServlet'
[INFO ] 2020-06-22 02:27:55.953 [task-1] Dialect - HHH000400: Using dialect: org.hibernate.dialect.MySQL5Dialect
[INFO ] 2020-06-22 02:28:02.840 [task-1] JtaPlatformInitiator - HHH000490: Using JtaPlatform implementation: [org.hibernate.engine.transaction.jta.platform.internal.NoJtaPlatform]
[INFO ] 2020-06-22 02:28:02.905 [task-1] LocalContainerEntityManagerFactoryBean - Initialized JPA EntityManagerFactory for persistence unit 'default'
[INFO ] 2020-06-22 02:28:04.417 [http-nio-8080-exec-1] DispatcherServlet - Completed initialization in 8872 ms
[INFO ] 2020-06-22 02:28:04.674 [http-nio-8080-exec-1] logger - Loaded [1] org.ocpsoft.rewrite.spi.GlobalParameterProvider [org.ocpsoft.rewrite.instance.WildcardParameterProvider<0>]
[INFO ] 2020-06-22 02:28:05.603 [main] DeferredRepositoryInitializationListener - Spring Data repositories initialized!
[INFO ] 2020-06-22 02:28:05.650 [main] EbuvetteApplication - Started EbuvetteApplication in 23.277 seconds (JVM running for 26.59)
[INFO ] 2020-06-22 02:28:05.719 [http-nio-8080-exec-1] logger - Storing Invocation result [/home.xhtml?faces-redirect=true] as deferred navigation string.
[ERROR] 2020-06-22 02:28:05.728 [http-nio-8080-exec-1] [facesServlet] - Servlet.service() for servlet [facesServlet] threw exception
java.lang.NullPointerException: null
	at com.ocpsoft.pretty.faces2.application.PrettyNavigationHandler.handleNavigation(PrettyNavigationHandler.java:71) ~[rewrite-config-prettyfaces-3.4.1.Final.jar:3.4.1.Final]
	at org.ocpsoft.rewrite.faces.RewriteNavigationHandler.handleNavigation(RewriteNavigationHandler.java:64) ~[rewrite-integration-faces-3.4.1.Final.jar:3.4.1.Final]
	at org.ocpsoft.rewrite.faces.RewritePhaseListener.handleNavigation(RewritePhaseListener.java:168) ~[rewrite-integration-faces-3.4.1.Final.jar:3.4.1.Final]
	at org.ocpsoft.rewrite.faces.RewritePhaseListener.afterPhase(RewritePhaseListener.java:65) ~[rewrite-integration-faces-3.4.1.Final.jar:3.4.1.Final]
	at org.apache.myfaces.lifecycle.PhaseListenerManager.informPhaseListenersAfter(PhaseListenerManager.java:117) ~[myfaces-impl-2.2.12.jar:2.2.12]
	at org.apache.myfaces.lifecycle.LifecycleImpl.executePhase(LifecycleImpl.java:211) ~[myfaces-impl-2.2.12.jar:2.2.12]
	at org.apache.myfaces.lifecycle.LifecycleImpl.execute(LifecycleImpl.java:143) ~[myfaces-impl-2.2.12.jar:2.2.12]
	at javax.faces.webapp.FacesServlet.service(FacesServlet.java:198) ~[myfaces-api-2.2.12.jar:2.2.12]
	at org.apache.catalina.core.ApplicationFilterChain.internalDoFilter(ApplicationFilterChain.java:231) ~[tomcat-embed-core-9.0.36.jar:9.0.36]
	at org.apache.catalina.core.ApplicationFilterChain.doFilter(ApplicationFilterChain.java:166) ~[tomcat-embed-core-9.0.36.jar:9.0.36]
	at org.apache.tomcat.websocket.server.WsFilter.doFilter(WsFilter.java:53) ~[tomcat-embed-websocket-9.0.36.jar:9.0.36]
	at org.apache.catalina.core.ApplicationFilterChain.internalDoFilter(ApplicationFilterChain.java:193) ~[tomcat-embed-core-9.0.36.jar:9.0.36]
	at org.apache.catalina.core.ApplicationFilterChain.doFilter(ApplicationFilterChain.java:166) ~[tomcat-embed-core-9.0.36.jar:9.0.36]
	at org.ocpsoft.rewrite.servlet.RewriteFilter.doFilter(RewriteFilter.java:226) ~[rewrite-servlet-3.4.1.Final.jar:3.4.1.Final]
	at org.apache.catalina.core.ApplicationFilterChain.internalDoFilter(ApplicationFilterChain.java:193) ~[tomcat-embed-core-9.0.36.jar:9.0.36]
	at org.apache.catalina.core.ApplicationFilterChain.doFilter(ApplicationFilterChain.java:166) ~[tomcat-embed-core-9.0.36.jar:9.0.36]
	at org.springframework.web.filter.OncePerRequestFilter.doFilter(OncePerRequestFilter.java:113) ~[spring-web-5.2.7.RELEASE.jar:5.2.7.RELEASE]
	at org.apache.catalina.core.ApplicationFilterChain.internalDoFilter(ApplicationFilterChain.java:193) ~[tomcat-embed-core-9.0.36.jar:9.0.36]
	at org.apache.catalina.core.ApplicationFilterChain.doFilter(ApplicationFilterChain.java:166) ~[tomcat-embed-core-9.0.36.jar:9.0.36]
	at org.springframework.web.filter.OncePerRequestFilter.doFilter(OncePerRequestFilter.java:113) ~[spring-web-5.2.7.RELEASE.jar:5.2.7.RELEASE]
	at org.apache.catalina.core.ApplicationFilterChain.internalDoFilter(ApplicationFilterChain.java:193) ~[tomcat-embed-core-9.0.36.jar:9.0.36]
	at org.apache.catalina.core.ApplicationFilterChain.doFilter(ApplicationFilterChain.java:166) ~[tomcat-embed-core-9.0.36.jar:9.0.36]
	at org.springframework.web.filter.OncePerRequestFilter.doFilter(OncePerRequestFilter.java:113) ~[spring-web-5.2.7.RELEASE.jar:5.2.7.RELEASE]
	at org.apache.catalina.core.ApplicationFilterChain.internalDoFilter(ApplicationFilterChain.java:193) ~[tomcat-embed-core-9.0.36.jar:9.0.36]
	at org.apache.catalina.core.ApplicationFilterChain.doFilter(ApplicationFilterChain.java:166) ~[tomcat-embed-core-9.0.36.jar:9.0.36]
	at org.apache.catalina.core.ApplicationDispatcher.invoke(ApplicationDispatcher.java:712) [tomcat-embed-core-9.0.36.jar:9.0.36]
	at org.apache.catalina.core.ApplicationDispatcher.processRequest(ApplicationDispatcher.java:459) [tomcat-embed-core-9.0.36.jar:9.0.36]
	at org.apache.catalina.core.ApplicationDispatcher.doForward(ApplicationDispatcher.java:384) [tomcat-embed-core-9.0.36.jar:9.0.36]
	at org.apache.catalina.core.ApplicationDispatcher.forward(ApplicationDispatcher.java:312) [tomcat-embed-core-9.0.36.jar:9.0.36]
	at org.springframework.security.web.header.HeaderWriterFilter$HeaderWriterRequestDispatcher.forward(HeaderWriterFilter.java:172) [spring-security-web-5.3.3.RELEASE.jar:5.3.3.RELEASE]
	at org.ocpsoft.rewrite.servlet.impl.HttpRewriteResultHandler.handleResult(HttpRewriteResultHandler.java:42) [rewrite-servlet-3.4.1.Final.jar:3.4.1.Final]
	at org.ocpsoft.rewrite.servlet.RewriteFilter.rewrite(RewriteFilter.java:297) [rewrite-servlet-3.4.1.Final.jar:3.4.1.Final]
	at org.ocpsoft.rewrite.servlet.RewriteFilter.doFilter(RewriteFilter.java:198) [rewrite-servlet-3.4.1.Final.jar:3.4.1.Final]
	at org.apache.catalina.core.ApplicationFilterChain.internalDoFilter(ApplicationFilterChain.java:193) [tomcat-embed-core-9.0.36.jar:9.0.36]
	at org.apache.catalina.core.ApplicationFilterChain.doFilter(ApplicationFilterChain.java:166) [tomcat-embed-core-9.0.36.jar:9.0.36]
	at org.springframework.security.web.FilterChainProxy$VirtualFilterChain.doFilter(FilterChainProxy.java:320) [spring-security-web-5.3.3.RELEASE.jar:5.3.3.RELEASE]
	at org.springframework.security.web.access.intercept.FilterSecurityInterceptor.invoke(FilterSecurityInterceptor.java:126) [spring-security-web-5.3.3.RELEASE.jar:5.3.3.RELEASE]
	at org.springframework.security.web.access.intercept.FilterSecurityInterceptor.doFilter(FilterSecurityInterceptor.java:90) [spring-security-web-5.3.3.RELEASE.jar:5.3.3.RELEASE]
	at org.springframework.security.web.FilterChainProxy$VirtualFilterChain.doFilter(FilterChainProxy.java:334) [spring-security-web-5.3.3.RELEASE.jar:5.3.3.RELEASE]
	at org.springframework.security.web.access.ExceptionTranslationFilter.doFilter(ExceptionTranslationFilter.java:118) [spring-security-web-5.3.3.RELEASE.jar:5.3.3.RELEASE]
	at org.springframework.security.web.FilterChainProxy$VirtualFilterChain.doFilter(FilterChainProxy.java:334) [spring-security-web-5.3.3.RELEASE.jar:5.3.3.RELEASE]
	at org.springframework.security.web.session.SessionManagementFilter.doFilter(SessionManagementFilter.java:137) [spring-security-web-5.3.3.RELEASE.jar:5.3.3.RELEASE]
	at org.springframework.security.web.FilterChainProxy$VirtualFilterChain.doFilter(FilterChainProxy.java:334) [spring-security-web-5.3.3.RELEASE.jar:5.3.3.RELEASE]
	at org.springframework.security.web.authentication.AnonymousAuthenticationFilter.doFilter(AnonymousAuthenticationFilter.java:111) [spring-security-web-5.3.3.RELEASE.jar:5.3.3.RELEASE]
	at org.springframework.security.web.FilterChainProxy$VirtualFilterChain.doFilter(FilterChainProxy.java:334) [spring-security-web-5.3.3.RELEASE.jar:5.3.3.RELEASE]
	at org.springframework.security.web.servletapi.SecurityContextHolderAwareRequestFilter.doFilter(SecurityContextHolderAwareRequestFilter.java:158) [spring-security-web-5.3.3.RELEASE.jar:5.3.3.RELEASE]
	at org.springframework.security.web.FilterChainProxy$VirtualFilterChain.doFilter(FilterChainProxy.java:334) [spring-security-web-5.3.3.RELEASE.jar:5.3.3.RELEASE]
	at org.springframework.security.web.savedrequest.RequestCacheAwareFilter.doFilter(RequestCacheAwareFilter.java:63) [spring-security-web-5.3.3.RELEASE.jar:5.3.3.RELEASE]
	at org.springframework.security.web.FilterChainProxy$VirtualFilterChain.doFilter(FilterChainProxy.java:334) [spring-security-web-5.3.3.RELEASE.jar:5.3.3.RELEASE]
	at org.springframework.security.web.authentication.AbstractAuthenticationProcessingFilter.doFilter(AbstractAuthenticationProcessingFilter.java:200) [spring-security-web-5.3.3.RELEASE.jar:5.3.3.RELEASE]
	at org.springframework.security.web.FilterChainProxy$VirtualFilterChain.doFilter(FilterChainProxy.java:334) [spring-security-web-5.3.3.RELEASE.jar:5.3.3.RELEASE]
	at org.springframework.security.web.authentication.logout.LogoutFilter.doFilter(LogoutFilter.java:116) [spring-security-web-5.3.3.RELEASE.jar:5.3.3.RELEASE]
	at org.springframework.security.web.FilterChainProxy$VirtualFilterChain.doFilter(FilterChainProxy.java:334) [spring-security-web-5.3.3.RELEASE.jar:5.3.3.RELEASE]
	at org.springframework.security.web.header.HeaderWriterFilter.doHeadersAfter(HeaderWriterFilter.java:92) [spring-security-web-5.3.3.RELEASE.jar:5.3.3.RELEASE]
	at org.springframework.security.web.header.HeaderWriterFilter.doFilterInternal(HeaderWriterFilter.java:77) [spring-security-web-5.3.3.RELEASE.jar:5.3.3.RELEASE]
	at org.springframework.web.filter.OncePerRequestFilter.doFilter(OncePerRequestFilter.java:119) [spring-web-5.2.7.RELEASE.jar:5.2.7.RELEASE]
	at org.springframework.security.web.FilterChainProxy$VirtualFilterChain.doFilter(FilterChainProxy.java:334) [spring-security-web-5.3.3.RELEASE.jar:5.3.3.RELEASE]
	at org.springframework.security.web.context.SecurityContextPersistenceFilter.doFilter(SecurityContextPersistenceFilter.java:105) [spring-security-web-5.3.3.RELEASE.jar:5.3.3.RELEASE]
	at org.springframework.security.web.FilterChainProxy$VirtualFilterChain.doFilter(FilterChainProxy.java:334) [spring-security-web-5.3.3.RELEASE.jar:5.3.3.RELEASE]
	at org.springframework.security.web.context.request.async.WebAsyncManagerIntegrationFilter.doFilterInternal(WebAsyncManagerIntegrationFilter.java:56) [spring-security-web-5.3.3.RELEASE.jar:5.3.3.RELEASE]
	at org.springframework.web.filter.OncePerRequestFilter.doFilter(OncePerRequestFilter.java:119) [spring-web-5.2.7.RELEASE.jar:5.2.7.RELEASE]
	at org.springframework.security.web.FilterChainProxy$VirtualFilterChain.doFilter(FilterChainProxy.java:334) [spring-security-web-5.3.3.RELEASE.jar:5.3.3.RELEASE]
	at org.springframework.security.web.FilterChainProxy.doFilterInternal(FilterChainProxy.java:215) [spring-security-web-5.3.3.RELEASE.jar:5.3.3.RELEASE]
	at org.springframework.security.web.FilterChainProxy.doFilter(FilterChainProxy.java:178) [spring-security-web-5.3.3.RELEASE.jar:5.3.3.RELEASE]
	at org.springframework.web.filter.DelegatingFilterProxy.invokeDelegate(DelegatingFilterProxy.java:358) [spring-web-5.2.7.RELEASE.jar:5.2.7.RELEASE]
	at org.springframework.web.filter.DelegatingFilterProxy.doFilter(DelegatingFilterProxy.java:271) [spring-web-5.2.7.RELEASE.jar:5.2.7.RELEASE]
	at org.apache.catalina.core.ApplicationFilterChain.internalDoFilter(ApplicationFilterChain.java:193) [tomcat-embed-core-9.0.36.jar:9.0.36]
	at org.apache.catalina.core.ApplicationFilterChain.doFilter(ApplicationFilterChain.java:166) [tomcat-embed-core-9.0.36.jar:9.0.36]
	at org.springframework.web.filter.RequestContextFilter.doFilterInternal(RequestContextFilter.java:100) [spring-web-5.2.7.RELEASE.jar:5.2.7.RELEASE]
	at org.springframework.web.filter.OncePerRequestFilter.doFilter(OncePerRequestFilter.java:119) [spring-web-5.2.7.RELEASE.jar:5.2.7.RELEASE]
	at org.apache.catalina.core.ApplicationFilterChain.internalDoFilter(ApplicationFilterChain.java:193) [tomcat-embed-core-9.0.36.jar:9.0.36]
	at org.apache.catalina.core.ApplicationFilterChain.doFilter(ApplicationFilterChain.java:166) [tomcat-embed-core-9.0.36.jar:9.0.36]
	at org.springframework.web.filter.FormContentFilter.doFilterInternal(FormContentFilter.java:93) [spring-web-5.2.7.RELEASE.jar:5.2.7.RELEASE]
	at org.springframework.web.filter.OncePerRequestFilter.doFilter(OncePerRequestFilter.java:119) [spring-web-5.2.7.RELEASE.jar:5.2.7.RELEASE]
	at org.apache.catalina.core.ApplicationFilterChain.internalDoFilter(ApplicationFilterChain.java:193) [tomcat-embed-core-9.0.36.jar:9.0.36]
	at org.apache.catalina.core.ApplicationFilterChain.doFilter(ApplicationFilterChain.java:166) [tomcat-embed-core-9.0.36.jar:9.0.36]
	at org.springframework.web.filter.CharacterEncodingFilter.doFilterInternal(CharacterEncodingFilter.java:201) [spring-web-5.2.7.RELEASE.jar:5.2.7.RELEASE]
	at org.springframework.web.filter.OncePerRequestFilter.doFilter(OncePerRequestFilter.java:119) [spring-web-5.2.7.RELEASE.jar:5.2.7.RELEASE]
	at org.apache.catalina.core.ApplicationFilterChain.internalDoFilter(ApplicationFilterChain.java:193) [tomcat-embed-core-9.0.36.jar:9.0.36]
	at org.apache.catalina.core.ApplicationFilterChain.doFilter(ApplicationFilterChain.java:166) [tomcat-embed-core-9.0.36.jar:9.0.36]
	at org.apache.catalina.core.StandardWrapperValve.invoke(StandardWrapperValve.java:202) [tomcat-embed-core-9.0.36.jar:9.0.36]
	at org.apache.catalina.core.StandardContextValve.invoke(StandardContextValve.java:96) [tomcat-embed-core-9.0.36.jar:9.0.36]
	at org.apache.catalina.authenticator.AuthenticatorBase.invoke(AuthenticatorBase.java:541) [tomcat-embed-core-9.0.36.jar:9.0.36]
	at org.apache.catalina.core.StandardHostValve.invoke(StandardHostValve.java:139) [tomcat-embed-core-9.0.36.jar:9.0.36]
	at org.apache.catalina.valves.ErrorReportValve.invoke(ErrorReportValve.java:92) [tomcat-embed-core-9.0.36.jar:9.0.36]
	at org.apache.catalina.core.StandardEngineValve.invoke(StandardEngineValve.java:74) [tomcat-embed-core-9.0.36.jar:9.0.36]
	at org.apache.catalina.connector.CoyoteAdapter.service(CoyoteAdapter.java:343) [tomcat-embed-core-9.0.36.jar:9.0.36]
	at org.apache.coyote.http11.Http11Processor.service(Http11Processor.java:373) [tomcat-embed-core-9.0.36.jar:9.0.36]
	at org.apache.coyote.AbstractProcessorLight.process(AbstractProcessorLight.java:65) [tomcat-embed-core-9.0.36.jar:9.0.36]
	at org.apache.coyote.AbstractProtocol$ConnectionHandler.process(AbstractProtocol.java:868) [tomcat-embed-core-9.0.36.jar:9.0.36]
	at org.apache.tomcat.util.net.NioEndpoint$SocketProcessor.doRun(NioEndpoint.java:1590) [tomcat-embed-core-9.0.36.jar:9.0.36]
	at org.apache.tomcat.util.net.SocketProcessorBase.run(SocketProcessorBase.java:49) [tomcat-embed-core-9.0.36.jar:9.0.36]
	at java.util.concurrent.ThreadPoolExecutor.runWorker(ThreadPoolExecutor.java:1128) [?:?]
	at java.util.concurrent.ThreadPoolExecutor$Worker.run(ThreadPoolExecutor.java:628) [?:?]
	at org.apache.tomcat.util.threads.TaskThread$WrappingRunnable.run(TaskThread.java:61) [tomcat-embed-core-9.0.36.jar:9.0.36]
	at java.lang.Thread.run(Thread.java:834) [?:?]
[ERROR] 2020-06-22 02:28:05.802 [http-nio-8080-exec-1] [dispatcherServlet] - Servlet.service() for servlet [dispatcherServlet] in context with path [] threw exception [null] with root cause
java.lang.NullPointerException: null
	at com.ocpsoft.pretty.faces2.application.PrettyNavigationHandler.handleNavigation(PrettyNavigationHandler.java:71) ~[rewrite-config-prettyfaces-3.4.1.Final.jar:3.4.1.Final]
	at org.ocpsoft.rewrite.faces.RewriteNavigationHandler.handleNavigation(RewriteNavigationHandler.java:64) ~[rewrite-integration-faces-3.4.1.Final.jar:3.4.1.Final]
	at org.ocpsoft.rewrite.faces.RewritePhaseListener.handleNavigation(RewritePhaseListener.java:168) ~[rewrite-integration-faces-3.4.1.Final.jar:3.4.1.Final]
	at org.ocpsoft.rewrite.faces.RewritePhaseListener.afterPhase(RewritePhaseListener.java:65) ~[rewrite-integration-faces-3.4.1.Final.jar:3.4.1.Final]
	at org.apache.myfaces.lifecycle.PhaseListenerManager.informPhaseListenersAfter(PhaseListenerManager.java:117) ~[myfaces-impl-2.2.12.jar:2.2.12]
	at org.apache.myfaces.lifecycle.LifecycleImpl.executePhase(LifecycleImpl.java:211) ~[myfaces-impl-2.2.12.jar:2.2.12]
	at org.apache.myfaces.lifecycle.LifecycleImpl.execute(LifecycleImpl.java:143) ~[myfaces-impl-2.2.12.jar:2.2.12]
	at javax.faces.webapp.FacesServlet.service(FacesServlet.java:198) ~[myfaces-api-2.2.12.jar:2.2.12]
	at org.apache.catalina.core.ApplicationFilterChain.internalDoFilter(ApplicationFilterChain.java:231) ~[tomcat-embed-core-9.0.36.jar:9.0.36]
	at org.apache.catalina.core.ApplicationFilterChain.doFilter(ApplicationFilterChain.java:166) ~[tomcat-embed-core-9.0.36.jar:9.0.36]
	at org.apache.tomcat.websocket.server.WsFilter.doFilter(WsFilter.java:53) ~[tomcat-embed-websocket-9.0.36.jar:9.0.36]
	at org.apache.catalina.core.ApplicationFilterChain.internalDoFilter(ApplicationFilterChain.java:193) ~[tomcat-embed-core-9.0.36.jar:9.0.36]
	at org.apache.catalina.core.ApplicationFilterChain.doFilter(ApplicationFilterChain.java:166) ~[tomcat-embed-core-9.0.36.jar:9.0.36]
	at org.ocpsoft.rewrite.servlet.RewriteFilter.doFilter(RewriteFilter.java:226) ~[rewrite-servlet-3.4.1.Final.jar:3.4.1.Final]
	at org.apache.catalina.core.ApplicationFilterChain.internalDoFilter(ApplicationFilterChain.java:193) ~[tomcat-embed-core-9.0.36.jar:9.0.36]
	at org.apache.catalina.core.ApplicationFilterChain.doFilter(ApplicationFilterChain.java:166) ~[tomcat-embed-core-9.0.36.jar:9.0.36]
	at org.springframework.web.filter.OncePerRequestFilter.doFilter(OncePerRequestFilter.java:113) ~[spring-web-5.2.7.RELEASE.jar:5.2.7.RELEASE]
	at org.apache.catalina.core.ApplicationFilterChain.internalDoFilter(ApplicationFilterChain.java:193) ~[tomcat-embed-core-9.0.36.jar:9.0.36]
	at org.apache.catalina.core.ApplicationFilterChain.doFilter(ApplicationFilterChain.java:166) ~[tomcat-embed-core-9.0.36.jar:9.0.36]
	at org.springframework.web.filter.OncePerRequestFilter.doFilter(OncePerRequestFilter.java:113) ~[spring-web-5.2.7.RELEASE.jar:5.2.7.RELEASE]
	at org.apache.catalina.core.ApplicationFilterChain.internalDoFilter(ApplicationFilterChain.java:193) ~[tomcat-embed-core-9.0.36.jar:9.0.36]
	at org.apache.catalina.core.ApplicationFilterChain.doFilter(ApplicationFilterChain.java:166) ~[tomcat-embed-core-9.0.36.jar:9.0.36]
	at org.springframework.web.filter.OncePerRequestFilter.doFilter(OncePerRequestFilter.java:113) ~[spring-web-5.2.7.RELEASE.jar:5.2.7.RELEASE]
	at org.apache.catalina.core.ApplicationFilterChain.internalDoFilter(ApplicationFilterChain.java:193) ~[tomcat-embed-core-9.0.36.jar:9.0.36]
	at org.apache.catalina.core.ApplicationFilterChain.doFilter(ApplicationFilterChain.java:166) ~[tomcat-embed-core-9.0.36.jar:9.0.36]
	at org.apache.catalina.core.ApplicationDispatcher.invoke(ApplicationDispatcher.java:712) ~[tomcat-embed-core-9.0.36.jar:9.0.36]
	at org.apache.catalina.core.ApplicationDispatcher.processRequest(ApplicationDispatcher.java:459) ~[tomcat-embed-core-9.0.36.jar:9.0.36]
	at org.apache.catalina.core.ApplicationDispatcher.doForward(ApplicationDispatcher.java:384) ~[tomcat-embed-core-9.0.36.jar:9.0.36]
	at org.apache.catalina.core.ApplicationDispatcher.forward(ApplicationDispatcher.java:312) ~[tomcat-embed-core-9.0.36.jar:9.0.36]
	at org.springframework.security.web.header.HeaderWriterFilter$HeaderWriterRequestDispatcher.forward(HeaderWriterFilter.java:172) ~[spring-security-web-5.3.3.RELEASE.jar:5.3.3.RELEASE]
	at org.ocpsoft.rewrite.servlet.impl.HttpRewriteResultHandler.handleResult(HttpRewriteResultHandler.java:42) ~[rewrite-servlet-3.4.1.Final.jar:3.4.1.Final]
	at org.ocpsoft.rewrite.servlet.RewriteFilter.rewrite(RewriteFilter.java:297) ~[rewrite-servlet-3.4.1.Final.jar:3.4.1.Final]
	at org.ocpsoft.rewrite.servlet.RewriteFilter.doFilter(RewriteFilter.java:198) ~[rewrite-servlet-3.4.1.Final.jar:3.4.1.Final]
	at org.apache.catalina.core.ApplicationFilterChain.internalDoFilter(ApplicationFilterChain.java:193) ~[tomcat-embed-core-9.0.36.jar:9.0.36]
	at org.apache.catalina.core.ApplicationFilterChain.doFilter(ApplicationFilterChain.java:166) ~[tomcat-embed-core-9.0.36.jar:9.0.36]
	at org.springframework.security.web.FilterChainProxy$VirtualFilterChain.doFilter(FilterChainProxy.java:320) ~[spring-security-web-5.3.3.RELEASE.jar:5.3.3.RELEASE]
	at org.springframework.security.web.access.intercept.FilterSecurityInterceptor.invoke(FilterSecurityInterceptor.java:126) ~[spring-security-web-5.3.3.RELEASE.jar:5.3.3.RELEASE]
	at org.springframework.security.web.access.intercept.FilterSecurityInterceptor.doFilter(FilterSecurityInterceptor.java:90) ~[spring-security-web-5.3.3.RELEASE.jar:5.3.3.RELEASE]
	at org.springframework.security.web.FilterChainProxy$VirtualFilterChain.doFilter(FilterChainProxy.java:334) ~[spring-security-web-5.3.3.RELEASE.jar:5.3.3.RELEASE]
	at org.springframework.security.web.access.ExceptionTranslationFilter.doFilter(ExceptionTranslationFilter.java:118) ~[spring-security-web-5.3.3.RELEASE.jar:5.3.3.RELEASE]
	at org.springframework.security.web.FilterChainProxy$VirtualFilterChain.doFilter(FilterChainProxy.java:334) ~[spring-security-web-5.3.3.RELEASE.jar:5.3.3.RELEASE]
	at org.springframework.security.web.session.SessionManagementFilter.doFilter(SessionManagementFilter.java:137) ~[spring-security-web-5.3.3.RELEASE.jar:5.3.3.RELEASE]
	at org.springframework.security.web.FilterChainProxy$VirtualFilterChain.doFilter(FilterChainProxy.java:334) ~[spring-security-web-5.3.3.RELEASE.jar:5.3.3.RELEASE]
	at org.springframework.security.web.authentication.AnonymousAuthenticationFilter.doFilter(AnonymousAuthenticationFilter.java:111) ~[spring-security-web-5.3.3.RELEASE.jar:5.3.3.RELEASE]
	at org.springframework.security.web.FilterChainProxy$VirtualFilterChain.doFilter(FilterChainProxy.java:334) ~[spring-security-web-5.3.3.RELEASE.jar:5.3.3.RELEASE]
	at org.springframework.security.web.servletapi.SecurityContextHolderAwareRequestFilter.doFilter(SecurityContextHolderAwareRequestFilter.java:158) ~[spring-security-web-5.3.3.RELEASE.jar:5.3.3.RELEASE]
	at org.springframework.security.web.FilterChainProxy$VirtualFilterChain.doFilter(FilterChainProxy.java:334) ~[spring-security-web-5.3.3.RELEASE.jar:5.3.3.RELEASE]
	at org.springframework.security.web.savedrequest.RequestCacheAwareFilter.doFilter(RequestCacheAwareFilter.java:63) ~[spring-security-web-5.3.3.RELEASE.jar:5.3.3.RELEASE]
	at org.springframework.security.web.FilterChainProxy$VirtualFilterChain.doFilter(FilterChainProxy.java:334) ~[spring-security-web-5.3.3.RELEASE.jar:5.3.3.RELEASE]
	at org.springframework.security.web.authentication.AbstractAuthenticationProcessingFilter.doFilter(AbstractAuthenticationProcessingFilter.java:200) ~[spring-security-web-5.3.3.RELEASE.jar:5.3.3.RELEASE]
	at org.springframework.security.web.FilterChainProxy$VirtualFilterChain.doFilter(FilterChainProxy.java:334) ~[spring-security-web-5.3.3.RELEASE.jar:5.3.3.RELEASE]
	at org.springframework.security.web.authentication.logout.LogoutFilter.doFilter(LogoutFilter.java:116) ~[spring-security-web-5.3.3.RELEASE.jar:5.3.3.RELEASE]
	at org.springframework.security.web.FilterChainProxy$VirtualFilterChain.doFilter(FilterChainProxy.java:334) ~[spring-security-web-5.3.3.RELEASE.jar:5.3.3.RELEASE]
	at org.springframework.security.web.header.HeaderWriterFilter.doHeadersAfter(HeaderWriterFilter.java:92) ~[spring-security-web-5.3.3.RELEASE.jar:5.3.3.RELEASE]
	at org.springframework.security.web.header.HeaderWriterFilter.doFilterInternal(HeaderWriterFilter.java:77) ~[spring-security-web-5.3.3.RELEASE.jar:5.3.3.RELEASE]
	at org.springframework.web.filter.OncePerRequestFilter.doFilter(OncePerRequestFilter.java:119) ~[spring-web-5.2.7.RELEASE.jar:5.2.7.RELEASE]
	at org.springframework.security.web.FilterChainProxy$VirtualFilterChain.doFilter(FilterChainProxy.java:334) ~[spring-security-web-5.3.3.RELEASE.jar:5.3.3.RELEASE]
	at org.springframework.security.web.context.SecurityContextPersistenceFilter.doFilter(SecurityContextPersistenceFilter.java:105) ~[spring-security-web-5.3.3.RELEASE.jar:5.3.3.RELEASE]
	at org.springframework.security.web.FilterChainProxy$VirtualFilterChain.doFilter(FilterChainProxy.java:334) ~[spring-security-web-5.3.3.RELEASE.jar:5.3.3.RELEASE]
	at org.springframework.security.web.context.request.async.WebAsyncManagerIntegrationFilter.doFilterInternal(WebAsyncManagerIntegrationFilter.java:56) ~[spring-security-web-5.3.3.RELEASE.jar:5.3.3.RELEASE]
	at org.springframework.web.filter.OncePerRequestFilter.doFilter(OncePerRequestFilter.java:119) ~[spring-web-5.2.7.RELEASE.jar:5.2.7.RELEASE]
	at org.springframework.security.web.FilterChainProxy$VirtualFilterChain.doFilter(FilterChainProxy.java:334) ~[spring-security-web-5.3.3.RELEASE.jar:5.3.3.RELEASE]
	at org.springframework.security.web.FilterChainProxy.doFilterInternal(FilterChainProxy.java:215) ~[spring-security-web-5.3.3.RELEASE.jar:5.3.3.RELEASE]
	at org.springframework.security.web.FilterChainProxy.doFilter(FilterChainProxy.java:178) ~[spring-security-web-5.3.3.RELEASE.jar:5.3.3.RELEASE]
	at org.springframework.web.filter.DelegatingFilterProxy.invokeDelegate(DelegatingFilterProxy.java:358) ~[spring-web-5.2.7.RELEASE.jar:5.2.7.RELEASE]
	at org.springframework.web.filter.DelegatingFilterProxy.doFilter(DelegatingFilterProxy.java:271) ~[spring-web-5.2.7.RELEASE.jar:5.2.7.RELEASE]
	at org.apache.catalina.core.ApplicationFilterChain.internalDoFilter(ApplicationFilterChain.java:193) ~[tomcat-embed-core-9.0.36.jar:9.0.36]
	at org.apache.catalina.core.ApplicationFilterChain.doFilter(ApplicationFilterChain.java:166) ~[tomcat-embed-core-9.0.36.jar:9.0.36]
	at org.springframework.web.filter.RequestContextFilter.doFilterInternal(RequestContextFilter.java:100) ~[spring-web-5.2.7.RELEASE.jar:5.2.7.RELEASE]
	at org.springframework.web.filter.OncePerRequestFilter.doFilter(OncePerRequestFilter.java:119) ~[spring-web-5.2.7.RELEASE.jar:5.2.7.RELEASE]
	at org.apache.catalina.core.ApplicationFilterChain.internalDoFilter(ApplicationFilterChain.java:193) ~[tomcat-embed-core-9.0.36.jar:9.0.36]
	at org.apache.catalina.core.ApplicationFilterChain.doFilter(ApplicationFilterChain.java:166) ~[tomcat-embed-core-9.0.36.jar:9.0.36]
	at org.springframework.web.filter.FormContentFilter.doFilterInternal(FormContentFilter.java:93) ~[spring-web-5.2.7.RELEASE.jar:5.2.7.RELEASE]
	at org.springframework.web.filter.OncePerRequestFilter.doFilter(OncePerRequestFilter.java:119) ~[spring-web-5.2.7.RELEASE.jar:5.2.7.RELEASE]
	at org.apache.catalina.core.ApplicationFilterChain.internalDoFilter(ApplicationFilterChain.java:193) ~[tomcat-embed-core-9.0.36.jar:9.0.36]
	at org.apache.catalina.core.ApplicationFilterChain.doFilter(ApplicationFilterChain.java:166) ~[tomcat-embed-core-9.0.36.jar:9.0.36]
	at org.springframework.web.filter.CharacterEncodingFilter.doFilterInternal(CharacterEncodingFilter.java:201) ~[spring-web-5.2.7.RELEASE.jar:5.2.7.RELEASE]
	at org.springframework.web.filter.OncePerRequestFilter.doFilter(OncePerRequestFilter.java:119) ~[spring-web-5.2.7.RELEASE.jar:5.2.7.RELEASE]
	at org.apache.catalina.core.ApplicationFilterChain.internalDoFilter(ApplicationFilterChain.java:193) ~[tomcat-embed-core-9.0.36.jar:9.0.36]
	at org.apache.catalina.core.ApplicationFilterChain.doFilter(ApplicationFilterChain.java:166) ~[tomcat-embed-core-9.0.36.jar:9.0.36]
	at org.apache.catalina.core.StandardWrapperValve.invoke(StandardWrapperValve.java:202) [tomcat-embed-core-9.0.36.jar:9.0.36]
	at org.apache.catalina.core.StandardContextValve.invoke(StandardContextValve.java:96) [tomcat-embed-core-9.0.36.jar:9.0.36]
	at org.apache.catalina.authenticator.AuthenticatorBase.invoke(AuthenticatorBase.java:541) [tomcat-embed-core-9.0.36.jar:9.0.36]
	at org.apache.catalina.core.StandardHostValve.invoke(StandardHostValve.java:139) [tomcat-embed-core-9.0.36.jar:9.0.36]
	at org.apache.catalina.valves.ErrorReportValve.invoke(ErrorReportValve.java:92) [tomcat-embed-core-9.0.36.jar:9.0.36]
	at org.apache.catalina.core.StandardEngineValve.invoke(StandardEngineValve.java:74) [tomcat-embed-core-9.0.36.jar:9.0.36]
	at org.apache.catalina.connector.CoyoteAdapter.service(CoyoteAdapter.java:343) [tomcat-embed-core-9.0.36.jar:9.0.36]
	at org.apache.coyote.http11.Http11Processor.service(Http11Processor.java:373) [tomcat-embed-core-9.0.36.jar:9.0.36]
	at org.apache.coyote.AbstractProcessorLight.process(AbstractProcessorLight.java:65) [tomcat-embed-core-9.0.36.jar:9.0.36]
	at org.apache.coyote.AbstractProtocol$ConnectionHandler.process(AbstractProtocol.java:868) [tomcat-embed-core-9.0.36.jar:9.0.36]
	at org.apache.tomcat.util.net.NioEndpoint$SocketProcessor.doRun(NioEndpoint.java:1590) [tomcat-embed-core-9.0.36.jar:9.0.36]
	at org.apache.tomcat.util.net.SocketProcessorBase.run(SocketProcessorBase.java:49) [tomcat-embed-core-9.0.36.jar:9.0.36]
	at java.util.concurrent.ThreadPoolExecutor.runWorker(ThreadPoolExecutor.java:1128) [?:?]
	at java.util.concurrent.ThreadPoolExecutor$Worker.run(ThreadPoolExecutor.java:628) [?:?]
	at org.apache.tomcat.util.threads.TaskThread$WrappingRunnable.run(TaskThread.java:61) [tomcat-embed-core-9.0.36.jar:9.0.36]
	at java.lang.Thread.run(Thread.java:834) [?:?]
[WARN ] 2020-06-22 02:28:35.230 [http-nio-8080-exec-4] HtmlStylesheetRenderer - Resource referenced by resourceName css/font-awesome.min.css and libraryName inscription not found in call to ResourceHandler.createResource. It will be silenty ignored.
[WARN ] 2020-06-22 02:28:35.230 [http-nio-8080-exec-4] HtmlStylesheetRenderer - Resource referenced by resourceName https://fonts.googleapis.com/css and libraryName inscription not found in call to ResourceHandler.createResource. It will be silenty ignored.
[INFO ] 2020-06-22 02:28:35.311 [http-nio-8080-exec-4] [/] - No state saving method defined, assuming default server state saving
[INFO ] 2020-06-22 02:28:40.421 [http-nio-8080-exec-6] _ExternalSpecifications - MyFaces Bean Validation support disabled
[WARN ] 2020-06-22 02:28:40.453 [http-nio-8080-exec-6] RenderResponseExecutor - There are some unhandled FacesMessages, this means not every FacesMessage had a chance to be rendered.
These unhandled FacesMessages are: 
- Votre adresse mail est invalide
[WARN ] 2020-06-22 02:28:47.137 [http-nio-8080-exec-2] RenderResponseExecutor - There are some unhandled FacesMessages, this means not every FacesMessage had a chance to be rendered.
These unhandled FacesMessages are: 
- Votre adresse mail est invalide
[WARN ] 2020-06-22 02:28:56.334 [http-nio-8080-exec-10] HtmlStylesheetRenderer - Resource referenced by resourceName css/font-awesome.min.css and libraryName inscription not found in call to ResourceHandler.createResource. It will be silenty ignored.
[WARN ] 2020-06-22 02:28:56.335 [http-nio-8080-exec-10] HtmlStylesheetRenderer - Resource referenced by resourceName https://fonts.googleapis.com/css and libraryName inscription not found in call to ResourceHandler.createResource. It will be silenty ignored.
[WARN ] 2020-06-22 02:28:58.256 [http-nio-8080-exec-7] RenderResponseExecutor - There are some unhandled FacesMessages, this means not every FacesMessage had a chance to be rendered.
These unhandled FacesMessages are: 
- Votre adresse mail est invalide
[WARN ] 2020-06-22 02:29:19.428 [http-nio-8080-exec-5] HtmlStylesheetRenderer - Resource referenced by resourceName css/font-awesome.min.css and libraryName inscription not found in call to ResourceHandler.createResource. It will be silenty ignored.
[WARN ] 2020-06-22 02:29:19.428 [http-nio-8080-exec-5] HtmlStylesheetRenderer - Resource referenced by resourceName https://fonts.googleapis.com/css and libraryName inscription not found in call to ResourceHandler.createResource. It will be silenty ignored.
[WARN ] 2020-06-22 02:29:28.844 [http-nio-8080-exec-1] HtmlStylesheetRenderer - Resource referenced by resourceName css/font-awesome.min.css and libraryName inscription not found in call to ResourceHandler.createResource. It will be silenty ignored.
[WARN ] 2020-06-22 02:29:28.844 [http-nio-8080-exec-1] HtmlStylesheetRenderer - Resource referenced by resourceName https://fonts.googleapis.com/css and libraryName inscription not found in call to ResourceHandler.createResource. It will be silenty ignored.
[WARN ] 2020-06-22 02:29:39.088 [http-nio-8080-exec-5] HtmlStylesheetRenderer - Resource referenced by resourceName css/font-awesome.min.css and libraryName inscription not found in call to ResourceHandler.createResource. It will be silenty ignored.
[WARN ] 2020-06-22 02:29:39.088 [http-nio-8080-exec-5] HtmlStylesheetRenderer - Resource referenced by resourceName https://fonts.googleapis.com/css and libraryName inscription not found in call to ResourceHandler.createResource. It will be silenty ignored.
[WARN ] 2020-06-22 02:29:42.811 [http-nio-8080-exec-3] HtmlStylesheetRenderer - Resource referenced by resourceName css/font-awesome.min.css and libraryName inscription not found in call to ResourceHandler.createResource. It will be silenty ignored.
[WARN ] 2020-06-22 02:29:42.812 [http-nio-8080-exec-3] HtmlStylesheetRenderer - Resource referenced by resourceName https://fonts.googleapis.com/css and libraryName inscription not found in call to ResourceHandler.createResource. It will be silenty ignored.
